{"/Users/wangyongjie/Desktop/github/vue3-json-schema-form/lib/SchemaForm.tsx": {"path":"/Users/wangyongjie/Desktop/github/vue3-json-schema-form/lib/SchemaForm.tsx","statementMap":{"0":{"start":{"line":1,"column":0},"end":{"line":1,"column":null}},"1":{"start":{"line":3,"column":0},"end":{"line":3,"column":null}},"2":{"start":{"line":5,"column":0},"end":{"line":5,"column":null}},"3":{"start":{"line":7,"column":0},"end":{"line":44,"column":null}},"4":{"start":{"line":23,"column":26},"end":{"line":25,"column":5}},"5":{"start":{"line":24,"column":6},"end":{"line":24,"column":null}},"6":{"start":{"line":26,"column":20},"end":{"line":28,"column":null}},"7":{"start":{"line":30,"column":4},"end":{"line":30,"column":null}},"8":{"start":{"line":32,"column":4},"end":{"line":42,"column":null}},"9":{"start":{"line":33,"column":32},"end":{"line":33,"column":37}},"10":{"start":{"line":34,"column":6},"end":{"line":39,"column":null}}},"fnMap":{"0":{"name":"(anonymous_1)","decl":{"start":{"line":22,"column":2},"end":{"line":22,"column":7}},"loc":{"start":{"line":22,"column":13},"end":{"line":43,"column":null}}},"1":{"name":"(anonymous_2)","decl":{"start":{"line":23,"column":26},"end":{"line":23,"column":32}},"loc":{"start":{"line":23,"column":36},"end":{"line":25,"column":5}}},"2":{"name":"(anonymous_3)","decl":{"start":{"line":32,"column":11},"end":{"line":32,"column":16}},"loc":{"start":{"line":32,"column":16},"end":{"line":42,"column":5}}}},"branchMap":{},"s":{"0":3,"1":3,"2":3,"3":3,"4":8,"5":5,"6":8,"7":8,"8":8,"9":8,"10":8},"f":{"0":8,"1":5,"2":8},"b":{}}
,"/Users/wangyongjie/Desktop/github/vue3-json-schema-form/lib/SchemaItem.tsx": {"path":"/Users/wangyongjie/Desktop/github/vue3-json-schema-form/lib/SchemaItem.tsx","statementMap":{"0":{"start":{"line":1,"column":0},"end":{"line":1,"column":null}},"1":{"start":{"line":2,"column":0},"end":{"line":2,"column":null}},"2":{"start":{"line":3,"column":0},"end":{"line":3,"column":null}},"3":{"start":{"line":5,"column":0},"end":{"line":5,"column":null}},"4":{"start":{"line":6,"column":0},"end":{"line":6,"column":null}},"5":{"start":{"line":7,"column":0},"end":{"line":7,"column":null}},"6":{"start":{"line":8,"column":0},"end":{"line":8,"column":null}},"7":{"start":{"line":10,"column":0},"end":{"line":52,"column":null}},"8":{"start":{"line":15,"column":31},"end":{"line":17,"column":6}},"9":{"start":{"line":16,"column":6},"end":{"line":16,"column":null}},"10":{"start":{"line":19,"column":4},"end":{"line":50,"column":null}},"11":{"start":{"line":20,"column":25},"end":{"line":20,"column":30}},"12":{"start":{"line":21,"column":30},"end":{"line":21,"column":54}},"13":{"start":{"line":23,"column":19},"end":{"line":23,"column":30}},"14":{"start":{"line":26,"column":6},"end":{"line":46,"column":null}},"15":{"start":{"line":28,"column":10},"end":{"line":28,"column":null}},"16":{"start":{"line":29,"column":10},"end":{"line":29,"column":null}},"17":{"start":{"line":32,"column":10},"end":{"line":32,"column":null}},"18":{"start":{"line":33,"column":10},"end":{"line":33,"column":null}},"19":{"start":{"line":36,"column":10},"end":{"line":36,"column":null}},"20":{"start":{"line":37,"column":10},"end":{"line":37,"column":null}},"21":{"start":{"line":40,"column":10},"end":{"line":40,"column":null}},"22":{"start":{"line":41,"column":10},"end":{"line":41,"column":null}},"23":{"start":{"line":44,"column":10},"end":{"line":44,"column":null}},"24":{"start":{"line":45,"column":10},"end":{"line":45,"column":null}},"25":{"start":{"line":49,"column":6},"end":{"line":49,"column":null}}},"fnMap":{"0":{"name":"(anonymous_1)","decl":{"start":{"line":13,"column":2},"end":{"line":13,"column":7}},"loc":{"start":{"line":13,"column":13},"end":{"line":51,"column":null}}},"1":{"name":"(anonymous_2)","decl":{"start":{"line":15,"column":40},"end":{"line":15,"column":45}},"loc":{"start":{"line":15,"column":45},"end":{"line":17,"column":5}}},"2":{"name":"(anonymous_3)","decl":{"start":{"line":19,"column":11},"end":{"line":19,"column":16}},"loc":{"start":{"line":19,"column":16},"end":{"line":50,"column":5}}}},"branchMap":{},"s":{"0":3,"1":3,"2":3,"3":3,"4":3,"5":3,"6":3,"7":3,"8":21,"9":23,"10":21,"11":25,"12":25,"13":25,"14":25,"15":10,"16":10,"17":8,"18":8,"19":4,"20":4,"21":3,"22":3,"23":0,"24":0,"25":25},"f":{"0":21,"1":23,"2":25},"b":{}}
,"/Users/wangyongjie/Desktop/github/vue3-json-schema-form/lib/context.ts": {"path":"/Users/wangyongjie/Desktop/github/vue3-json-schema-form/lib/context.ts","statementMap":{"0":{"start":{"line":1,"column":13},"end":{"line":1,"column":null}},"1":{"start":{"line":2,"column":0},"end":{"line":2,"column":null}},"2":{"start":{"line":7,"column":4},"end":{"line":7,"column":32}},"3":{"start":{"line":10,"column":4},"end":{"line":10,"column":null}},"4":{"start":{"line":13,"column":2},"end":{"line":13,"column":null}},"5":{"start":{"line":5,"column":0},"end":{"line":5,"column":16}}},"fnMap":{"0":{"name":"useVJSFContext","decl":{"start":{"line":5,"column":16},"end":{"line":5,"column":30}},"loc":{"start":{"line":5,"column":30},"end":{"line":14,"column":null}}}},"branchMap":{},"s":{"0":3,"1":3,"2":7,"3":0,"4":7,"5":3},"f":{"0":7},"b":{}}
,"/Users/wangyongjie/Desktop/github/vue3-json-schema-form/lib/index.ts": {"path":"/Users/wangyongjie/Desktop/github/vue3-json-schema-form/lib/index.ts","statementMap":{"0":{"start":{"line":1,"column":0},"end":{"line":1,"column":null}},"1":{"start":{"line":2,"column":0},"end":{"line":2,"column":7}},"2":{"start":{"line":9,"column":9},"end":{"line":2,"column":null}},"3":{"start":{"line":3,"column":0},"end":{"line":3,"column":7}},"4":{"start":{"line":9,"column":22},"end":{"line":3,"column":null}},"5":{"start":{"line":4,"column":0},"end":{"line":4,"column":7}},"6":{"start":{"line":9,"column":35},"end":{"line":4,"column":null}},"7":{"start":{"line":5,"column":0},"end":{"line":5,"column":7}},"8":{"start":{"line":9,"column":47},"end":{"line":5,"column":null}},"9":{"start":{"line":6,"column":0},"end":{"line":6,"column":7}},"10":{"start":{"line":9,"column":60},"end":{"line":6,"column":null}},"11":{"start":{"line":8,"column":0},"end":{"line":8,"column":null}}},"fnMap":{},"branchMap":{},"s":{"0":3,"1":3,"2":3,"3":3,"4":3,"5":3,"6":3,"7":3,"8":3,"9":3,"10":3,"11":3},"f":{},"b":{}}
,"/Users/wangyongjie/Desktop/github/vue3-json-schema-form/lib/types.ts": {"path":"/Users/wangyongjie/Desktop/github/vue3-json-schema-form/lib/types.ts","statementMap":{"0":{"start":{"line":1,"column":0},"end":{"line":1,"column":null}},"1":{"start":{"line":3,"column":0},"end":{"line":3,"column":null}},"2":{"start":{"line":4,"column":2},"end":{"line":4,"column":null}},"3":{"start":{"line":5,"column":2},"end":{"line":5,"column":null}},"4":{"start":{"line":6,"column":2},"end":{"line":6,"column":null}},"5":{"start":{"line":7,"column":2},"end":{"line":7,"column":null}},"6":{"start":{"line":8,"column":2},"end":{"line":8,"column":null}},"7":{"start":{"line":9,"column":2},"end":{"line":9,"column":null}},"8":{"start":{"line":52,"column":13},"end":{"line":68,"column":null}},"9":{"start":{"line":70,"column":13},"end":{"line":72,"column":null}}},"fnMap":{"0":{"name":"(anonymous_0)","decl":{"start":{"line":3,"column":0},"end":{"line":3,"column":12}},"loc":{"start":{"line":3,"column":23},"end":{"line":10,"column":1}}}},"branchMap":{"0":{"loc":{"start":{"line":3,"column":12},"end":{"line":3,"column":null}},"type":"binary-expr","locations":[{"start":{"line":3,"column":12},"end":{"line":3,"column":23}},{"start":{"line":3,"column":12},"end":{"line":3,"column":null}}]}},"s":{"0":3,"1":3,"2":3,"3":3,"4":3,"5":3,"6":3,"7":3,"8":3,"9":3},"f":{"0":3},"b":{"0":[3,3]}}
,"/Users/wangyongjie/Desktop/github/vue3-json-schema-form/lib/utils.tsx": {"path":"/Users/wangyongjie/Desktop/github/vue3-json-schema-form/lib/utils.tsx","statementMap":{"0":{"start":{"line":1,"column":0},"end":{"line":1,"column":null}},"1":{"start":{"line":5,"column":0},"end":{"line":5,"column":null}},"2":{"start":{"line":6,"column":0},"end":{"line":6,"column":null}},"3":{"start":{"line":7,"column":0},"end":{"line":7,"column":null}},"4":{"start":{"line":10,"column":2},"end":{"line":10,"column":null}},"5":{"start":{"line":9,"column":0},"end":{"line":9,"column":16}},"6":{"start":{"line":14,"column":2},"end":{"line":14,"column":null}},"7":{"start":{"line":13,"column":0},"end":{"line":13,"column":16}},"8":{"start":{"line":22,"column":2},"end":{"line":22,"column":null}},"9":{"start":{"line":17,"column":0},"end":{"line":17,"column":16}},"10":{"start":{"line":29,"column":24},"end":{"line":29,"column":33}},"11":{"start":{"line":31,"column":16},"end":{"line":31,"column":54}},"12":{"start":{"line":32,"column":2},"end":{"line":35,"column":null}},"13":{"start":{"line":30,"column":0},"end":{"line":30,"column":16}},"14":{"start":{"line":42,"column":4},"end":{"line":42,"column":null}},"15":{"start":{"line":44,"column":27},"end":{"line":44,"column":76}},"16":{"start":{"line":45,"column":4},"end":{"line":45,"column":null}},"17":{"start":{"line":47,"column":4},"end":{"line":52,"column":null}},"18":{"start":{"line":50,"column":8},"end":{"line":50,"column":60}},"19":{"start":{"line":55,"column":4},"end":{"line":55,"column":null}},"20":{"start":{"line":40,"column":0},"end":{"line":40,"column":16}},"21":{"start":{"line":65,"column":4},"end":{"line":65,"column":null}},"22":{"start":{"line":67,"column":23},"end":{"line":67,"column":66}},"23":{"start":{"line":72,"column":6},"end":{"line":76,"column":null}},"24":{"start":{"line":78,"column":6},"end":{"line":78,"column":null}},"25":{"start":{"line":79,"column":55},"end":{"line":79,"column":69}},"26":{"start":{"line":80,"column":6},"end":{"line":80,"column":null}},"27":{"start":{"line":84,"column":4},"end":{"line":85,"column":49}},"28":{"start":{"line":88,"column":4},"end":{"line":92,"column":null}},"29":{"start":{"line":94,"column":2},"end":{"line":94,"column":null}},"30":{"start":{"line":59,"column":0},"end":{"line":59,"column":16}},"31":{"start":{"line":97,"column":13},"end":{"line":97,"column":null}},"32":{"start":{"line":105,"column":2},"end":{"line":108,"column":null}},"33":{"start":{"line":110,"column":2},"end":{"line":133,"column":null}},"34":{"start":{"line":113,"column":6},"end":{"line":113,"column":null}},"35":{"start":{"line":118,"column":6},"end":{"line":122,"column":null}},"36":{"start":{"line":124,"column":6},"end":{"line":124,"column":null}},"37":{"start":{"line":126,"column":6},"end":{"line":126,"column":null}},"38":{"start":{"line":130,"column":5},"end":{"line":130,"column":null}},"39":{"start":{"line":132,"column":5},"end":{"line":132,"column":null}},"40":{"start":{"line":135,"column":2},"end":{"line":135,"column":null}},"41":{"start":{"line":99,"column":0},"end":{"line":99,"column":16}},"42":{"start":{"line":153,"column":21},"end":{"line":153,"column":66}},"43":{"start":{"line":155,"column":35},"end":{"line":155,"column":41}},"44":{"start":{"line":157,"column":2},"end":{"line":161,"column":null}},"45":{"start":{"line":165,"column":18},"end":{"line":165,"column":22}},"46":{"start":{"line":168,"column":4},"end":{"line":168,"column":null}},"47":{"start":{"line":170,"column":4},"end":{"line":170,"column":null}},"48":{"start":{"line":172,"column":18},"end":{"line":172,"column":51}},"49":{"start":{"line":174,"column":4},"end":{"line":174,"column":null}},"50":{"start":{"line":178,"column":4},"end":{"line":178,"column":null}},"51":{"start":{"line":180,"column":2},"end":{"line":180,"column":null}},"52":{"start":{"line":164,"column":0},"end":{"line":164,"column":16}},"53":{"start":{"line":189,"column":49},"end":{"line":189,"column":55}},"54":{"start":{"line":191,"column":4},"end":{"line":194,"column":null}},"55":{"start":{"line":196,"column":4},"end":{"line":199,"column":null}},"56":{"start":{"line":201,"column":2},"end":{"line":206,"column":null}},"57":{"start":{"line":218,"column":6},"end":{"line":218,"column":null}},"58":{"start":{"line":225,"column":6},"end":{"line":225,"column":null}},"59":{"start":{"line":228,"column":6},"end":{"line":228,"column":18}},"60":{"start":{"line":230,"column":6},"end":{"line":230,"column":null}},"61":{"start":{"line":232,"column":6},"end":{"line":238,"column":null}},"62":{"start":{"line":240,"column":4},"end":{"line":245,"column":null}},"63":{"start":{"line":247,"column":2},"end":{"line":247,"column":null}},"64":{"start":{"line":252,"column":4},"end":{"line":252,"column":null}},"65":{"start":{"line":254,"column":19},"end":{"line":256,"column":26}},"66":{"start":{"line":257,"column":2},"end":{"line":257,"column":null}},"67":{"start":{"line":268,"column":40},"end":{"line":271,"column":null}},"68":{"start":{"line":273,"column":2},"end":{"line":273,"column":null}},"69":{"start":{"line":276,"column":4},"end":{"line":276,"column":null}},"70":{"start":{"line":278,"column":4},"end":{"line":278,"column":null}},"71":{"start":{"line":281,"column":24},"end":{"line":284,"column":null}},"72":{"start":{"line":282,"column":4},"end":{"line":284,"column":17}},"73":{"start":{"line":286,"column":2},"end":{"line":292,"column":null}},"74":{"start":{"line":302,"column":26},"end":{"line":318,"column":4}},"75":{"start":{"line":304,"column":6},"end":{"line":304,"column":null}},"76":{"start":{"line":306,"column":57},"end":{"line":306,"column":77}},"77":{"start":{"line":308,"column":30},"end":{"line":313,"column":null}},"78":{"start":{"line":315,"column":25},"end":{"line":315,"column":64}},"79":{"start":{"line":316,"column":6},"end":{"line":316,"column":null}},"80":{"start":{"line":320,"column":4},"end":{"line":322,"column":null}},"81":{"start":{"line":323,"column":4},"end":{"line":323,"column":null}},"82":{"start":{"line":326,"column":20},"end":{"line":326,"column":38}},"83":{"start":{"line":328,"column":4},"end":{"line":328,"column":24}},"84":{"start":{"line":329,"column":26},"end":{"line":329,"column":74}},"85":{"start":{"line":330,"column":2},"end":{"line":334,"column":null}},"86":{"start":{"line":343,"column":14},"end":{"line":343,"column":37}},"87":{"start":{"line":344,"column":2},"end":{"line":364,"column":null}},"88":{"start":{"line":345,"column":17},"end":{"line":345,"column":38}},"89":{"start":{"line":346,"column":14},"end":{"line":346,"column":23}},"90":{"start":{"line":348,"column":6},"end":{"line":348,"column":null}},"91":{"start":{"line":359,"column":6},"end":{"line":359,"column":null}},"92":{"start":{"line":361,"column":6},"end":{"line":361,"column":null}},"93":{"start":{"line":363,"column":4},"end":{"line":363,"column":null}},"94":{"start":{"line":342,"column":0},"end":{"line":342,"column":16}},"95":{"start":{"line":377,"column":19},"end":{"line":377,"column":25}},"96":{"start":{"line":380,"column":4},"end":{"line":380,"column":null}},"97":{"start":{"line":384,"column":4},"end":{"line":384,"column":null}},"98":{"start":{"line":388,"column":4},"end":{"line":388,"column":null}},"99":{"start":{"line":391,"column":17},"end":{"line":391,"column":21}},"100":{"start":{"line":393,"column":4},"end":{"line":393,"column":null}},"101":{"start":{"line":393,"column":28},"end":{"line":393,"column":43}},"102":{"start":{"line":396,"column":2},"end":{"line":396,"column":null}},"103":{"start":{"line":376,"column":0},"end":{"line":376,"column":16}},"104":{"start":{"line":425,"column":25},"end":{"line":441,"column":1}},"105":{"start":{"line":427,"column":4},"end":{"line":427,"column":null}},"106":{"start":{"line":429,"column":4},"end":{"line":429,"column":null}},"107":{"start":{"line":431,"column":4},"end":{"line":431,"column":null}},"108":{"start":{"line":433,"column":4},"end":{"line":433,"column":null}},"109":{"start":{"line":435,"column":4},"end":{"line":435,"column":null}},"110":{"start":{"line":437,"column":4},"end":{"line":437,"column":null}},"111":{"start":{"line":440,"column":2},"end":{"line":440,"column":null}},"112":{"start":{"line":425,"column":13},"end":{"line":425,"column":25}},"113":{"start":{"line":444,"column":2},"end":{"line":446,"column":null}},"114":{"start":{"line":443,"column":0},"end":{"line":443,"column":16}},"115":{"start":{"line":451,"column":17},"end":{"line":451,"column":52}},"116":{"start":{"line":452,"column":21},"end":{"line":452,"column":49}},"117":{"start":{"line":454,"column":4},"end":{"line":454,"column":null}},"118":{"start":{"line":456,"column":4},"end":{"line":456,"column":null}},"119":{"start":{"line":456,"column":44},"end":{"line":456,"column":66}},"120":{"start":{"line":458,"column":2},"end":{"line":458,"column":null}},"121":{"start":{"line":450,"column":0},"end":{"line":450,"column":16}},"122":{"start":{"line":463,"column":4},"end":{"line":463,"column":null}},"123":{"start":{"line":465,"column":2},"end":{"line":465,"column":null}},"124":{"start":{"line":461,"column":0},"end":{"line":461,"column":16}},"125":{"start":{"line":474,"column":15},"end":{"line":474,"column":16}},"126":{"start":{"line":475,"column":19},"end":{"line":475,"column":29}},"127":{"start":{"line":487,"column":28},"end":{"line":491,"column":null}},"128":{"start":{"line":488,"column":60},"end":{"line":490,"column":10}},"129":{"start":{"line":498,"column":36},"end":{"line":498,"column":42}},"130":{"start":{"line":501,"column":10},"end":{"line":501,"column":null}},"131":{"start":{"line":504,"column":10},"end":{"line":504,"column":null}},"132":{"start":{"line":507,"column":8},"end":{"line":507,"column":null}},"133":{"start":{"line":509,"column":8},"end":{"line":509,"column":null}},"134":{"start":{"line":511,"column":8},"end":{"line":511,"column":null}},"135":{"start":{"line":516,"column":6},"end":{"line":516,"column":null}},"136":{"start":{"line":519,"column":8},"end":{"line":519,"column":null}},"137":{"start":{"line":522,"column":6},"end":{"line":522,"column":null}},"138":{"start":{"line":525,"column":2},"end":{"line":525,"column":null}},"139":{"start":{"line":469,"column":0},"end":{"line":469,"column":16}},"140":{"start":{"line":531,"column":6},"end":{"line":531,"column":null}},"141":{"start":{"line":533,"column":4},"end":{"line":538,"column":null}},"142":{"start":{"line":535,"column":8},"end":{"line":535,"column":null}},"143":{"start":{"line":537,"column":6},"end":{"line":537,"column":null}},"144":{"start":{"line":540,"column":16},"end":{"line":540,"column":43}},"145":{"start":{"line":541,"column":4},"end":{"line":547,"column":null}},"146":{"start":{"line":542,"column":6},"end":{"line":545,"column":null}},"147":{"start":{"line":546,"column":6},"end":{"line":546,"column":null}},"148":{"start":{"line":549,"column":4},"end":{"line":549,"column":null}},"149":{"start":{"line":528,"column":0},"end":{"line":528,"column":16}},"150":{"start":{"line":560,"column":4},"end":{"line":560,"column":null}},"151":{"start":{"line":563,"column":19},"end":{"line":563,"column":34}},"152":{"start":{"line":574,"column":4},"end":{"line":574,"column":null}},"153":{"start":{"line":577,"column":4},"end":{"line":577,"column":null}},"154":{"start":{"line":580,"column":4},"end":{"line":580,"column":null}},"155":{"start":{"line":582,"column":2},"end":{"line":582,"column":null}},"156":{"start":{"line":553,"column":0},"end":{"line":553,"column":16}}},"fnMap":{"0":{"name":"isObject","decl":{"start":{"line":9,"column":16},"end":{"line":9,"column":24}},"loc":{"start":{"line":9,"column":35},"end":{"line":11,"column":null}}},"1":{"name":"isEmptyObject","decl":{"start":{"line":13,"column":16},"end":{"line":13,"column":29}},"loc":{"start":{"line":13,"column":40},"end":{"line":15,"column":null}}},"2":{"name":"hasOwnProperty","decl":{"start":{"line":17,"column":16},"end":{"line":17,"column":30}},"loc":{"start":{"line":17,"column":52},"end":{"line":23,"column":null}}},"3":{"name":"validateData","decl":{"start":{"line":30,"column":16},"end":{"line":30,"column":28}},"loc":{"start":{"line":30,"column":51},"end":{"line":36,"column":null}}},"4":{"name":"resolveSchema","decl":{"start":{"line":40,"column":16},"end":{"line":40,"column":29}},"loc":{"start":{"line":40,"column":76},"end":{"line":57,"column":null}}},"5":{"name":"(anonymous_6)","decl":{"start":{"line":49,"column":31},"end":{"line":49,"column":45}},"loc":{"start":{"line":50,"column":8},"end":{"line":50,"column":60}}},"6":{"name":"retrieveSchema","decl":{"start":{"line":59,"column":16},"end":{"line":59,"column":30}},"loc":{"start":{"line":62,"column":20},"end":{"line":95,"column":null}}},"7":{"name":"stubExistingAdditionalProperties","decl":{"start":{"line":99,"column":16},"end":{"line":99,"column":48}},"loc":{"start":{"line":102,"column":20},"end":{"line":136,"column":null}}},"8":{"name":"(anonymous_9)","decl":{"start":{"line":110,"column":33},"end":{"line":110,"column":36}},"loc":{"start":{"line":110,"column":40},"end":{"line":133,"column":3}}},"9":{"name":"resolveReference","decl":{"start":{"line":151,"column":9},"end":{"line":151,"column":25}},"loc":{"start":{"line":151,"column":69},"end":{"line":162,"column":null}}},"10":{"name":"findSchemaDefinition","decl":{"start":{"line":164,"column":16},"end":{"line":164,"column":36}},"loc":{"start":{"line":164,"column":66},"end":{"line":181,"column":null}}},"11":{"name":"resolveDependencies","decl":{"start":{"line":183,"column":9},"end":{"line":183,"column":28}},"loc":{"start":{"line":186,"column":15},"end":{"line":207,"column":null}}},"12":{"name":"processDependencies","decl":{"start":{"line":208,"column":9},"end":{"line":208,"column":28}},"loc":{"start":{"line":212,"column":15},"end":{"line":248,"column":null}}},"13":{"name":"withDependentProperties","decl":{"start":{"line":250,"column":9},"end":{"line":250,"column":32}},"loc":{"start":{"line":250,"column":71},"end":{"line":258,"column":null}}},"14":{"name":"withDependentSchema","decl":{"start":{"line":260,"column":9},"end":{"line":260,"column":28}},"loc":{"start":{"line":265,"column":22},"end":{"line":293,"column":null}}},"15":{"name":"(anonymous_16)","decl":{"start":{"line":281,"column":35},"end":{"line":281,"column":44}},"loc":{"start":{"line":282,"column":4},"end":{"line":284,"column":17}}},"16":{"name":"withExactlyOneSubschema","decl":{"start":{"line":295,"column":9},"end":{"line":295,"column":32}},"loc":{"start":{"line":300,"column":12},"end":{"line":335,"column":null}}},"17":{"name":"(anonymous_18)","decl":{"start":{"line":302,"column":40},"end":{"line":302,"column":54}},"loc":{"start":{"line":302,"column":58},"end":{"line":318,"column":3}}},"18":{"name":"mergeSchemas","decl":{"start":{"line":342,"column":16},"end":{"line":342,"column":28}},"loc":{"start":{"line":342,"column":49},"end":{"line":365,"column":null}}},"19":{"name":"(anonymous_20)","decl":{"start":{"line":344,"column":34},"end":{"line":344,"column":35}},"loc":{"start":{"line":344,"column":47},"end":{"line":364,"column":3}}},"20":{"name":"getSchemaType","decl":{"start":{"line":376,"column":16},"end":{"line":376,"column":29}},"loc":{"start":{"line":376,"column":44},"end":{"line":421,"column":null}}},"21":{"name":"(anonymous_22)","decl":{"start":{"line":393,"column":19},"end":{"line":393,"column":23}},"loc":{"start":{"line":393,"column":28},"end":{"line":393,"column":43}}},"22":{"name":"guessType","decl":{"start":{"line":425,"column":34},"end":{"line":425,"column":43}},"loc":{"start":{"line":425,"column":54},"end":{"line":441,"column":1}}},"23":{"name":"isConstant","decl":{"start":{"line":443,"column":16},"end":{"line":443,"column":26}},"loc":{"start":{"line":443,"column":41},"end":{"line":448,"column":null}}},"24":{"name":"isSelect","decl":{"start":{"line":450,"column":16},"end":{"line":450,"column":24}},"loc":{"start":{"line":450,"column":62},"end":{"line":459,"column":null}}},"25":{"name":"(anonymous_26)","decl":{"start":{"line":456,"column":29},"end":{"line":456,"column":39}},"loc":{"start":{"line":456,"column":44},"end":{"line":456,"column":66}}},"26":{"name":"isMultiSelect","decl":{"start":{"line":461,"column":16},"end":{"line":461,"column":29}},"loc":{"start":{"line":461,"column":69},"end":{"line":466,"column":null}}},"27":{"name":"getMatchingOption","decl":{"start":{"line":469,"column":16},"end":{"line":469,"column":33}},"loc":{"start":{"line":472,"column":49},"end":{"line":526,"column":null}}},"28":{"name":"(anonymous_29)","decl":{"start":{"line":488,"column":51},"end":{"line":488,"column":54}},"loc":{"start":{"line":488,"column":60},"end":{"line":490,"column":10}}},"29":{"name":"mergeDefaultsWithFormData","decl":{"start":{"line":528,"column":16},"end":{"line":528,"column":41}},"loc":{"start":{"line":528,"column":70},"end":{"line":551,"column":null}}},"30":{"name":"(anonymous_31)","decl":{"start":{"line":533,"column":24},"end":{"line":533,"column":25}},"loc":{"start":{"line":533,"column":39},"end":{"line":538,"column":5}}},"31":{"name":"(anonymous_32)","decl":{"start":{"line":541,"column":40},"end":{"line":541,"column":41}},"loc":{"start":{"line":541,"column":53},"end":{"line":547,"column":5}}},"32":{"name":"getDefaultFormState","decl":{"start":{"line":553,"column":16},"end":{"line":553,"column":35}},"loc":{"start":{"line":555,"column":15},"end":{"line":583,"column":null}}}},"branchMap":{"0":{"loc":{"start":{"line":10,"column":9},"end":{"line":10,"column":77}},"type":"binary-expr","locations":[{"start":{"line":10,"column":9},"end":{"line":10,"column":34}},{"start":{"line":10,"column":38},"end":{"line":10,"column":52}},{"start":{"line":10,"column":56},"end":{"line":10,"column":77}}]},"1":{"loc":{"start":{"line":14,"column":9},"end":{"line":14,"column":59}},"type":"binary-expr","locations":[{"start":{"line":14,"column":9},"end":{"line":14,"column":24}},{"start":{"line":14,"column":28},"end":{"line":14,"column":59}}]},"2":{"loc":{"start":{"line":40,"column":46},"end":{"line":40,"column":61}},"type":"default-arg","locations":[{"start":{"line":40,"column":59},"end":{"line":40,"column":61}}]},"3":{"loc":{"start":{"line":40,"column":63},"end":{"line":40,"column":76}},"type":"default-arg","locations":[{"start":{"line":40,"column":74},"end":{"line":40,"column":76}}]},"4":{"loc":{"start":{"line":46,"column":13},"end":{"line":46,"column":75}},"type":"binary-expr","locations":[{"start":{"line":46,"column":13},"end":{"line":46,"column":44}},{"start":{"line":46,"column":48},"end":{"line":46,"column":75}}]},"5":{"loc":{"start":{"line":61,"column":2},"end":{"line":61,"column":17}},"type":"default-arg","locations":[{"start":{"line":61,"column":15},"end":{"line":61,"column":17}}]},"6":{"loc":{"start":{"line":62,"column":2},"end":{"line":62,"column":20}},"type":"default-arg","locations":[{"start":{"line":62,"column":18},"end":{"line":62,"column":20}}]},"7":{"loc":{"start":{"line":84,"column":4},"end":{"line":85,"column":49}},"type":"binary-expr","locations":[{"start":{"line":84,"column":4},"end":{"line":84,"column":57}},{"start":{"line":85,"column":4},"end":{"line":85,"column":49}}]},"8":{"loc":{"start":{"line":101,"column":2},"end":{"line":101,"column":25}},"type":"default-arg","locations":[{"start":{"line":101,"column":23},"end":{"line":101,"column":25}}]},"9":{"loc":{"start":{"line":102,"column":2},"end":{"line":102,"column":20}},"type":"default-arg","locations":[{"start":{"line":102,"column":18},"end":{"line":102,"column":20}}]},"10":{"loc":{"start":{"line":164,"column":51},"end":{"line":164,"column":66}},"type":"default-arg","locations":[{"start":{"line":164,"column":64},"end":{"line":164,"column":66}}]},"11":{"loc":{"start":{"line":189,"column":8},"end":{"line":189,"column":25}},"type":"default-arg","locations":[{"start":{"line":189,"column":23},"end":{"line":189,"column":25}}]},"12":{"loc":{"start":{"line":222,"column":6},"end":{"line":223,"column":51}},"type":"binary-expr","locations":[{"start":{"line":222,"column":6},"end":{"line":222,"column":31}},{"start":{"line":223,"column":6},"end":{"line":223,"column":51}}]},"13":{"loc":{"start":{"line":254,"column":19},"end":{"line":256,"column":26}},"type":"cond-expr","locations":[{"start":{"line":255,"column":6},"end":{"line":255,"column":72}},{"start":{"line":256,"column":6},"end":{"line":256,"column":26}}]},"14":{"loc":{"start":{"line":282,"column":4},"end":{"line":284,"column":17}},"type":"cond-expr","locations":[{"start":{"line":283,"column":8},"end":{"line":283,"column":57}},{"start":{"line":284,"column":8},"end":{"line":284,"column":17}}]},"15":{"loc":{"start":{"line":316,"column":13},"end":{"line":316,"column":43}},"type":"binary-expr","locations":[{"start":{"line":316,"column":13},"end":{"line":316,"column":20}},{"start":{"line":316,"column":24},"end":{"line":316,"column":43}}]},"16":{"loc":{"start":{"line":345,"column":17},"end":{"line":345,"column":38}},"type":"cond-expr","locations":[{"start":{"line":345,"column":24},"end":{"line":345,"column":33}},{"start":{"line":345,"column":36},"end":{"line":345,"column":38}}]},"17":{"loc":{"start":{"line":347,"column":8},"end":{"line":347,"column":60}},"type":"binary-expr","locations":[{"start":{"line":347,"column":8},"end":{"line":347,"column":12}},{"start":{"line":347,"column":16},"end":{"line":347,"column":41}},{"start":{"line":347,"column":45},"end":{"line":347,"column":60}}]},"18":{"loc":{"start":{"line":350,"column":6},"end":{"line":355,"column":26}},"type":"binary-expr","locations":[{"start":{"line":350,"column":6},"end":{"line":350,"column":10}},{"start":{"line":351,"column":6},"end":{"line":351,"column":10}},{"start":{"line":352,"column":7},"end":{"line":352,"column":39}},{"start":{"line":352,"column":43},"end":{"line":352,"column":75}},{"start":{"line":353,"column":6},"end":{"line":353,"column":24}},{"start":{"line":354,"column":6},"end":{"line":354,"column":25}},{"start":{"line":355,"column":6},"end":{"line":355,"column":26}}]},"19":{"loc":{"start":{"line":379,"column":6},"end":{"line":379,"column":27}},"type":"binary-expr","locations":[{"start":{"line":379,"column":6},"end":{"line":379,"column":11}},{"start":{"line":379,"column":15},"end":{"line":379,"column":27}}]},"20":{"loc":{"start":{"line":383,"column":6},"end":{"line":383,"column":26}},"type":"binary-expr","locations":[{"start":{"line":383,"column":6},"end":{"line":383,"column":11}},{"start":{"line":383,"column":15},"end":{"line":383,"column":26}}]},"21":{"loc":{"start":{"line":387,"column":6},"end":{"line":387,"column":65}},"type":"binary-expr","locations":[{"start":{"line":387,"column":6},"end":{"line":387,"column":11}},{"start":{"line":387,"column":16},"end":{"line":387,"column":33}},{"start":{"line":387,"column":37},"end":{"line":387,"column":64}}]},"22":{"loc":{"start":{"line":392,"column":6},"end":{"line":392,"column":64}},"type":"binary-expr","locations":[{"start":{"line":392,"column":6},"end":{"line":392,"column":24}},{"start":{"line":392,"column":28},"end":{"line":392,"column":42}},{"start":{"line":392,"column":46},"end":{"line":392,"column":64}}]},"23":{"loc":{"start":{"line":445,"column":5},"end":{"line":446,"column":34}},"type":"binary-expr","locations":[{"start":{"line":445,"column":5},"end":{"line":445,"column":31}},{"start":{"line":445,"column":35},"end":{"line":445,"column":59}},{"start":{"line":446,"column":4},"end":{"line":446,"column":34}}]},"24":{"loc":{"start":{"line":450,"column":39},"end":{"line":450,"column":62}},"type":"default-arg","locations":[{"start":{"line":450,"column":60},"end":{"line":450,"column":62}}]},"25":{"loc":{"start":{"line":452,"column":21},"end":{"line":452,"column":49}},"type":"binary-expr","locations":[{"start":{"line":452,"column":21},"end":{"line":452,"column":33}},{"start":{"line":452,"column":37},"end":{"line":452,"column":49}}]},"26":{"loc":{"start":{"line":461,"column":46},"end":{"line":461,"column":69}},"type":"default-arg","locations":[{"start":{"line":461,"column":67},"end":{"line":461,"column":69}}]},"27":{"loc":{"start":{"line":462,"column":6},"end":{"line":462,"column":42}},"type":"binary-expr","locations":[{"start":{"line":462,"column":6},"end":{"line":462,"column":25}},{"start":{"line":462,"column":29},"end":{"line":462,"column":42}}]},"28":{"loc":{"start":{"line":543,"column":8},"end":{"line":543,"column":37}},"type":"cond-expr","locations":[{"start":{"line":543,"column":19},"end":{"line":543,"column":32}},{"start":{"line":543,"column":35},"end":{"line":543,"column":37}}]},"29":{"loc":{"start":{"line":576,"column":6},"end":{"line":576,"column":51}},"type":"binary-expr","locations":[{"start":{"line":576,"column":6},"end":{"line":576,"column":24}},{"start":{"line":576,"column":28},"end":{"line":576,"column":51}}]},"30":{"loc":{"start":{"line":579,"column":6},"end":{"line":579,"column":61}},"type":"binary-expr","locations":[{"start":{"line":579,"column":6},"end":{"line":579,"column":20}},{"start":{"line":579,"column":24},"end":{"line":579,"column":42}},{"start":{"line":579,"column":46},"end":{"line":579,"column":61}}]},"31":{"loc":{"start":{"line":582,"column":9},"end":{"line":582,"column":29}},"type":"binary-expr","locations":[{"start":{"line":582,"column":9},"end":{"line":582,"column":17}},{"start":{"line":582,"column":21},"end":{"line":582,"column":29}}]}},"s":{"0":3,"1":3,"2":3,"3":3,"4":32,"5":3,"6":0,"7":3,"8":69,"9":3,"10":3,"11":0,"12":0,"13":3,"14":0,"15":0,"16":0,"17":0,"18":0,"19":23,"20":3,"21":0,"22":23,"23":0,"24":0,"25":0,"26":0,"27":23,"28":0,"29":23,"30":3,"31":3,"32":0,"33":0,"34":0,"35":0,"36":0,"37":0,"38":0,"39":0,"40":0,"41":3,"42":0,"43":0,"44":0,"45":0,"46":0,"47":0,"48":0,"49":0,"50":0,"51":0,"52":3,"53":0,"54":0,"55":0,"56":0,"57":0,"58":0,"59":0,"60":0,"61":0,"62":0,"63":0,"64":0,"65":0,"66":0,"67":0,"68":0,"69":0,"70":0,"71":0,"72":0,"73":0,"74":0,"75":0,"76":0,"77":0,"78":0,"79":0,"80":0,"81":0,"82":0,"83":0,"84":0,"85":0,"86":0,"87":0,"88":0,"89":0,"90":0,"91":0,"92":0,"93":0,"94":3,"95":0,"96":0,"97":0,"98":0,"99":0,"100":0,"101":0,"102":0,"103":3,"104":3,"105":0,"106":0,"107":0,"108":0,"109":0,"110":0,"111":0,"112":3,"113":0,"114":3,"115":0,"116":0,"117":0,"118":0,"119":0,"120":0,"121":3,"122":0,"123":0,"124":3,"125":0,"126":0,"127":0,"128":0,"129":0,"130":0,"131":0,"132":0,"133":0,"134":0,"135":0,"136":0,"137":0,"138":0,"139":3,"140":0,"141":0,"142":0,"143":0,"144":0,"145":0,"146":0,"147":0,"148":0,"149":3,"150":0,"151":0,"152":0,"153":0,"154":0,"155":0,"156":3},"f":{"0":32,"1":0,"2":69,"3":0,"4":23,"5":0,"6":23,"7":0,"8":0,"9":0,"10":0,"11":0,"12":0,"13":0,"14":0,"15":0,"16":0,"17":0,"18":0,"19":0,"20":0,"21":0,"22":0,"23":0,"24":0,"25":0,"26":0,"27":0,"28":0,"29":0,"30":0,"31":0,"32":0},"b":{"0":[32,30,30],"1":[0,0],"2":[0],"3":[0],"4":[23,0],"5":[0],"6":[9],"7":[23,0],"8":[0],"9":[0],"10":[0],"11":[0],"12":[0,0],"13":[0,0],"14":[0,0],"15":[0,0],"16":[0,0],"17":[0,0,0],"18":[0,0,0,0,0,0,0],"19":[0,0],"20":[0,0],"21":[0,0,0],"22":[0,0,0],"23":[0,0,0],"24":[0],"25":[0,0],"26":[0],"27":[0,0],"28":[0,0],"29":[0,0],"30":[0,0,0],"31":[0,0]}}
,"/Users/wangyongjie/Desktop/github/vue3-json-schema-form/lib/fields/ArrayFiled.tsx": {"path":"/Users/wangyongjie/Desktop/github/vue3-json-schema-form/lib/fields/ArrayFiled.tsx","statementMap":{"0":{"start":{"line":1,"column":0},"end":{"line":1,"column":null}},"1":{"start":{"line":2,"column":0},"end":{"line":2,"column":null}},"2":{"start":{"line":4,"column":0},"end":{"line":4,"column":null}},"3":{"start":{"line":6,"column":0},"end":{"line":6,"column":null}},"4":{"start":{"line":8,"column":0},"end":{"line":8,"column":null}},"5":{"start":{"line":10,"column":18},"end":{"line":27,"column":2}},"6":{"start":{"line":29,"column":25},"end":{"line":84,"column":2}},"7":{"start":{"line":54,"column":23},"end":{"line":54,"column":34}},"8":{"start":{"line":56,"column":22},"end":{"line":56,"column":52}},"9":{"start":{"line":56,"column":28},"end":{"line":56,"column":52}},"10":{"start":{"line":57,"column":23},"end":{"line":57,"column":54}},"11":{"start":{"line":57,"column":29},"end":{"line":57,"column":54}},"12":{"start":{"line":58,"column":21},"end":{"line":58,"column":50}},"13":{"start":{"line":58,"column":27},"end":{"line":58,"column":50}},"14":{"start":{"line":59,"column":25},"end":{"line":59,"column":58}},"15":{"start":{"line":59,"column":31},"end":{"line":59,"column":58}},"16":{"start":{"line":61,"column":4},"end":{"line":82,"column":null}},"17":{"start":{"line":62,"column":22},"end":{"line":62,"column":38}},"18":{"start":{"line":63,"column":6},"end":{"line":79,"column":null}},"19":{"start":{"line":102,"column":0},"end":{"line":216,"column":null}},"20":{"start":{"line":106,"column":20},"end":{"line":106,"column":36}},"21":{"start":{"line":108,"column":34},"end":{"line":115,"column":5}},"22":{"start":{"line":109,"column":24},"end":{"line":109,"column":29}},"23":{"start":{"line":110,"column":18},"end":{"line":110,"column":51}},"24":{"start":{"line":112,"column":6},"end":{"line":112,"column":null}},"25":{"start":{"line":114,"column":6},"end":{"line":114,"column":null}},"26":{"start":{"line":117,"column":23},"end":{"line":124,"column":5}},"27":{"start":{"line":118,"column":24},"end":{"line":118,"column":29}},"28":{"start":{"line":119,"column":18},"end":{"line":119,"column":51}},"29":{"start":{"line":121,"column":6},"end":{"line":121,"column":null}},"30":{"start":{"line":123,"column":6},"end":{"line":123,"column":null}},"31":{"start":{"line":126,"column":26},"end":{"line":133,"column":5}},"32":{"start":{"line":127,"column":24},"end":{"line":127,"column":29}},"33":{"start":{"line":128,"column":18},"end":{"line":128,"column":51}},"34":{"start":{"line":130,"column":6},"end":{"line":130,"column":null}},"35":{"start":{"line":132,"column":6},"end":{"line":132,"column":null}},"36":{"start":{"line":135,"column":22},"end":{"line":144,"column":5}},"37":{"start":{"line":136,"column":6},"end":{"line":136,"column":null}},"38":{"start":{"line":136,"column":23},"end":{"line":136,"column":null}},"39":{"start":{"line":137,"column":24},"end":{"line":137,"column":29}},"40":{"start":{"line":138,"column":18},"end":{"line":138,"column":51}},"41":{"start":{"line":140,"column":19},"end":{"line":140,"column":39}},"42":{"start":{"line":141,"column":6},"end":{"line":141,"column":null}},"43":{"start":{"line":143,"column":6},"end":{"line":143,"column":null}},"44":{"start":{"line":146,"column":24},"end":{"line":156,"column":5}},"45":{"start":{"line":147,"column":24},"end":{"line":147,"column":29}},"46":{"start":{"line":148,"column":18},"end":{"line":148,"column":51}},"47":{"start":{"line":150,"column":6},"end":{"line":150,"column":null}},"48":{"start":{"line":150,"column":36},"end":{"line":150,"column":null}},"49":{"start":{"line":152,"column":19},"end":{"line":152,"column":39}},"50":{"start":{"line":153,"column":6},"end":{"line":153,"column":null}},"51":{"start":{"line":155,"column":6},"end":{"line":155,"column":null}},"52":{"start":{"line":158,"column":4},"end":{"line":214,"column":null}},"53":{"start":{"line":159,"column":54},"end":{"line":159,"column":59}},"54":{"start":{"line":161,"column":25},"end":{"line":161,"column":43}},"55":{"start":{"line":163,"column":26},"end":{"line":163,"column":53}},"56":{"start":{"line":164,"column":23},"end":{"line":164,"column":65}},"57":{"start":{"line":167,"column":32},"end":{"line":167,"column":51}},"58":{"start":{"line":168,"column":20},"end":{"line":168,"column":53}},"59":{"start":{"line":169,"column":8},"end":{"line":177,"column":null}},"60":{"start":{"line":169,"column":50},"end":{"line":175,"column":null}},"61":{"start":{"line":175,"column":34},"end":{"line":175,"column":65}},"62":{"start":{"line":179,"column":20},"end":{"line":179,"column":53}},"63":{"start":{"line":181,"column":8},"end":{"line":199,"column":null}},"64":{"start":{"line":182,"column":10},"end":{"line":195,"column":null}},"65":{"start":{"line":188,"column":28},"end":{"line":195,"column":null}},"66":{"start":{"line":195,"column":38},"end":{"line":195,"column":69}},"67":{"start":{"line":201,"column":29},"end":{"line":201,"column":54}},"68":{"start":{"line":202,"column":24},"end":{"line":205,"column":11}},"69":{"start":{"line":202,"column":53},"end":{"line":205,"column":10}},"70":{"start":{"line":206,"column":8},"end":{"line":210,"column":null}}},"fnMap":{"0":{"name":"(anonymous_1)","decl":{"start":{"line":53,"column":2},"end":{"line":53,"column":7}},"loc":{"start":{"line":53,"column":24},"end":{"line":83,"column":null}}},"1":{"name":"(anonymous_2)","decl":{"start":{"line":56,"column":22},"end":{"line":56,"column":28}},"loc":{"start":{"line":56,"column":28},"end":{"line":56,"column":52}}},"2":{"name":"(anonymous_3)","decl":{"start":{"line":57,"column":23},"end":{"line":57,"column":29}},"loc":{"start":{"line":57,"column":29},"end":{"line":57,"column":54}}},"3":{"name":"(anonymous_4)","decl":{"start":{"line":58,"column":21},"end":{"line":58,"column":27}},"loc":{"start":{"line":58,"column":27},"end":{"line":58,"column":50}}},"4":{"name":"(anonymous_5)","decl":{"start":{"line":59,"column":25},"end":{"line":59,"column":31}},"loc":{"start":{"line":59,"column":31},"end":{"line":59,"column":58}}},"5":{"name":"(anonymous_6)","decl":{"start":{"line":61,"column":11},"end":{"line":61,"column":16}},"loc":{"start":{"line":61,"column":16},"end":{"line":82,"column":5}}},"6":{"name":"(anonymous_7)","decl":{"start":{"line":105,"column":2},"end":{"line":105,"column":7}},"loc":{"start":{"line":105,"column":13},"end":{"line":215,"column":null}}},"7":{"name":"(anonymous_8)","decl":{"start":{"line":108,"column":34},"end":{"line":108,"column":35}},"loc":{"start":{"line":108,"column":60},"end":{"line":115,"column":5}}},"8":{"name":"(anonymous_9)","decl":{"start":{"line":117,"column":23},"end":{"line":117,"column":36}},"loc":{"start":{"line":117,"column":40},"end":{"line":124,"column":5}}},"9":{"name":"(anonymous_10)","decl":{"start":{"line":126,"column":26},"end":{"line":126,"column":39}},"loc":{"start":{"line":126,"column":43},"end":{"line":133,"column":5}}},"10":{"name":"(anonymous_11)","decl":{"start":{"line":135,"column":22},"end":{"line":135,"column":35}},"loc":{"start":{"line":135,"column":39},"end":{"line":144,"column":5}}},"11":{"name":"(anonymous_12)","decl":{"start":{"line":146,"column":24},"end":{"line":146,"column":37}},"loc":{"start":{"line":146,"column":41},"end":{"line":156,"column":5}}},"12":{"name":"(anonymous_13)","decl":{"start":{"line":158,"column":11},"end":{"line":158,"column":16}},"loc":{"start":{"line":158,"column":16},"end":{"line":214,"column":5}}},"13":{"name":"(anonymous_14)","decl":{"start":{"line":169,"column":25},"end":{"line":169,"column":26}},"loc":{"start":{"line":169,"column":50},"end":{"line":175,"column":null}}},"14":{"name":"(anonymous_15)","decl":{"start":{"line":175,"column":23},"end":{"line":175,"column":29}},"loc":{"start":{"line":175,"column":34},"end":{"line":175,"column":65}}},"15":{"name":"(anonymous_16)","decl":{"start":{"line":181,"column":23},"end":{"line":181,"column":24}},"loc":{"start":{"line":181,"column":49},"end":{"line":199,"column":9}}},"16":{"name":"(anonymous_17)","decl":{"start":{"line":188,"column":28},"end":{"line":188,"column":null}},"loc":{"start":{"line":188,"column":28},"end":{"line":195,"column":null}}},"17":{"name":"(anonymous_18)","decl":{"start":{"line":195,"column":27},"end":{"line":195,"column":33}},"loc":{"start":{"line":195,"column":38},"end":{"line":195,"column":69}}},"18":{"name":"(anonymous_19)","decl":{"start":{"line":202,"column":41},"end":{"line":202,"column":47}},"loc":{"start":{"line":202,"column":53},"end":{"line":205,"column":10}}}},"branchMap":{"0":{"loc":{"start":{"line":79,"column":40},"end":{"line":79,"column":72}},"type":"binary-expr","locations":[{"start":{"line":79,"column":40},"end":{"line":79,"column":53}},{"start":{"line":79,"column":57},"end":{"line":79,"column":72}}]},"1":{"loc":{"start":{"line":110,"column":18},"end":{"line":110,"column":51}},"type":"cond-expr","locations":[{"start":{"line":110,"column":41},"end":{"line":110,"column":46}},{"start":{"line":110,"column":49},"end":{"line":110,"column":51}}]},"2":{"loc":{"start":{"line":119,"column":18},"end":{"line":119,"column":51}},"type":"cond-expr","locations":[{"start":{"line":119,"column":41},"end":{"line":119,"column":46}},{"start":{"line":119,"column":49},"end":{"line":119,"column":51}}]},"3":{"loc":{"start":{"line":128,"column":18},"end":{"line":128,"column":51}},"type":"cond-expr","locations":[{"start":{"line":128,"column":41},"end":{"line":128,"column":46}},{"start":{"line":128,"column":49},"end":{"line":128,"column":51}}]},"4":{"loc":{"start":{"line":136,"column":6},"end":{"line":136,"column":null}},"type":"if","locations":[{"start":{"line":136,"column":6},"end":{"line":136,"column":null}}]},"5":{"loc":{"start":{"line":138,"column":18},"end":{"line":138,"column":51}},"type":"cond-expr","locations":[{"start":{"line":138,"column":41},"end":{"line":138,"column":46}},{"start":{"line":138,"column":49},"end":{"line":138,"column":51}}]},"6":{"loc":{"start":{"line":148,"column":18},"end":{"line":148,"column":51}},"type":"cond-expr","locations":[{"start":{"line":148,"column":41},"end":{"line":148,"column":46}},{"start":{"line":148,"column":49},"end":{"line":148,"column":51}}]},"7":{"loc":{"start":{"line":150,"column":6},"end":{"line":150,"column":null}},"type":"if","locations":[{"start":{"line":150,"column":6},"end":{"line":150,"column":null}}]},"8":{"loc":{"start":{"line":164,"column":23},"end":{"line":164,"column":65}},"type":"binary-expr","locations":[{"start":{"line":164,"column":23},"end":{"line":164,"column":35}},{"start":{"line":164,"column":40},"end":{"line":164,"column":65}}]},"9":{"loc":{"start":{"line":168,"column":20},"end":{"line":168,"column":53}},"type":"cond-expr","locations":[{"start":{"line":168,"column":43},"end":{"line":168,"column":48}},{"start":{"line":168,"column":51},"end":{"line":168,"column":53}}]},"10":{"loc":{"start":{"line":179,"column":20},"end":{"line":179,"column":53}},"type":"cond-expr","locations":[{"start":{"line":179,"column":43},"end":{"line":179,"column":48}},{"start":{"line":179,"column":51},"end":{"line":179,"column":53}}]}},"s":{"0":3,"1":3,"2":3,"3":3,"4":3,"5":3,"6":3,"7":3,"8":3,"9":0,"10":3,"11":0,"12":3,"13":0,"14":3,"15":0,"16":3,"17":3,"18":3,"19":3,"20":3,"21":3,"22":0,"23":0,"24":0,"25":0,"26":3,"27":0,"28":0,"29":0,"30":0,"31":3,"32":0,"33":0,"34":0,"35":0,"36":3,"37":0,"38":0,"39":0,"40":0,"41":0,"42":0,"43":0,"44":3,"45":0,"46":0,"47":0,"48":0,"49":0,"50":0,"51":0,"52":3,"53":3,"54":3,"55":3,"56":3,"57":1,"58":1,"59":1,"60":2,"61":0,"62":1,"63":1,"64":3,"65":3,"66":0,"67":1,"68":1,"69":2,"70":1},"f":{"0":3,"1":0,"2":0,"3":0,"4":0,"5":3,"6":3,"7":0,"8":0,"9":0,"10":0,"11":0,"12":3,"13":2,"14":0,"15":3,"16":3,"17":0,"18":2},"b":{"0":[3,3],"1":[0,0],"2":[0,0],"3":[0,0],"4":[0],"5":[0,0],"6":[0,0],"7":[0],"8":[3,3],"9":[1,0],"10":[1,0]}}
,"/Users/wangyongjie/Desktop/github/vue3-json-schema-form/lib/fields/NumberFiled.vue": {"path":"/Users/wangyongjie/Desktop/github/vue3-json-schema-form/lib/fields/NumberFiled.vue","statementMap":{"0":{"start":{"line":3,"column":0},"end":{"line":5,"column":3}},"1":{"start":{"line":6,"column":12},"end":{"line":6,"column":26}},"2":{"start":{"line":7,"column":14},"end":{"line":7,"column":33}},"3":{"start":{"line":8,"column":0},"end":{"line":29,"column":3}},"4":{"start":{"line":12,"column":17},"end":{"line":12,"column":26}},"5":{"start":{"line":13,"column":4},"end":{"line":13,"column":13}},"6":{"start":{"line":14,"column":16},"end":{"line":14,"column":23}},"7":{"start":{"line":15,"column":23},"end":{"line":18,"column":5}},"8":{"start":{"line":16,"column":19},"end":{"line":16,"column":41}},"9":{"start":{"line":17,"column":6},"end":{"line":17,"column":29}},"10":{"start":{"line":19,"column":23},"end":{"line":22,"column":5}},"11":{"start":{"line":23,"column":4},"end":{"line":26,"column":7}},"12":{"start":{"line":27,"column":4},"end":{"line":27,"column":24}},"13":{"start":{"line":31,"column":0},"end":{"line":31,"column":62}},"14":{"start":{"line":32,"column":0},"end":{"line":32,"column":24}},"15":{"start":{"line":33,"column":12},"end":{"line":33,"column":26}},"16":{"start":{"line":34,"column":17},"end":{"line":34,"column":42}},"17":{"start":{"line":35,"column":17},"end":{"line":35,"column":26}},"18":{"start":{"line":37,"column":4},"end":{"line":43,"column":8}},"19":{"start":{"line":45,"column":0},"end":{"line":45,"column":24}},"20":{"start":{"line":46,"column":1},"end":{"line":46,"column":48}}},"fnMap":{"0":{"name":"(anonymous_0)","decl":{"start":{"line":11,"column":9},"end":{"line":11,"column":10}},"loc":{"start":{"line":11,"column":32},"end":{"line":28,"column":3}},"line":11},"1":{"name":"(anonymous_1)","decl":{"start":{"line":15,"column":23},"end":{"line":15,"column":24}},"loc":{"start":{"line":15,"column":36},"end":{"line":18,"column":5}},"line":15},"2":{"name":"render","decl":{"start":{"line":36,"column":9},"end":{"line":36,"column":15}},"loc":{"start":{"line":36,"column":63},"end":{"line":44,"column":1}},"line":36}},"branchMap":{},"s":{"0":3,"1":3,"2":3,"3":3,"4":6,"5":6,"6":6,"7":6,"8":2,"9":2,"10":6,"11":6,"12":6,"13":3,"14":3,"15":3,"16":3,"17":3,"18":8,"19":3,"20":3},"f":{"0":6,"1":2,"2":8},"b":{},"inputSourceMap":{"0":"{","1":"\"","2":"v","3":"e","4":"r","5":"s","6":"i","7":"o","8":"n","9":"\"","10":":","11":"3","12":",","13":"\"","14":"s","15":"o","16":"u","17":"r","18":"c","19":"e","20":"s","21":"\"","22":":","23":"[","24":"\"","25":"/","26":"U","27":"s","28":"e","29":"r","30":"s","31":"/","32":"w","33":"a","34":"n","35":"g","36":"y","37":"o","38":"n","39":"g","40":"j","41":"i","42":"e","43":"/","44":"D","45":"e","46":"s","47":"k","48":"t","49":"o","50":"p","51":"/","52":"g","53":"i","54":"t","55":"h","56":"u","57":"b","58":"/","59":"v","60":"u","61":"e","62":"3","63":"-","64":"j","65":"s","66":"o","67":"n","68":"-","69":"s","70":"c","71":"h","72":"e","73":"m","74":"a","75":"-","76":"f","77":"o","78":"r","79":"m","80":"/","81":"l","82":"i","83":"b","84":"/","85":"f","86":"i","87":"e","88":"l","89":"d","90":"s","91":"/","92":"N","93":"u","94":"m","95":"b","96":"e","97":"r","98":"F","99":"i","100":"l","101":"e","102":"d","103":".","104":"v","105":"u","106":"e","107":"\"","108":"]","109":",","110":"\"","111":"n","112":"a","113":"m","114":"e","115":"s","116":"\"","117":":","118":"[","119":"]","120":",","121":"\"","122":"m","123":"a","124":"p","125":"p","126":"i","127":"n","128":"g","129":"s","130":"\"","131":":","132":"\"","133":";","134":";","135":";","136":";","137":";","138":";","139":"A","140":"A","141":"E","142":"A","143":";","144":";","145":";","146":";","147":";","148":";","149":";","150":";","151":"I","152":"A","153":"I","154":"A","155":",","156":"I","157":"A","158":"A","159":"M","160":",","161":"Y","162":"A","163":"A","164":"Y","165":",","166":"G","167":"A","168":"A","169":"G","170":",","171":"U","172":"A","173":"A","174":"C","175":",","176":"C","177":"A","178":"A","179":"M","180":";","181":"M","182":"A","183":"C","184":"1","185":"B","186":",","187":"I","188":"A","189":"A","190":"M","191":",","192":"M","193":"A","194":"A","195":"M","196":",","197":"G","198":"A","199":"A","200":"G","201":",","202":"M","203":"A","204":"A","205":"M","206":",","207":"C","208":"A","209":"A","210":"C","211":",","212":"C","213":"A","214":"A","215":"C","216":",","217":"C","218":"A","219":"A","220":"C","221":",","222":"M","223":"A","224":"A","225":"M","226":",","227":"C","228":"A","229":"A","230":"C","231":",","232":"K","233":"A","234":"A","235":"K","236":",","237":"C","238":"A","239":"A","240":"C","241":";","242":"M","243":"A","244":"C","245":"r","246":"C","247":",","248":"K","249":"A","250":"A","251":"K","252":",","253":"C","254":"A","255":"A","256":"C","257":",","258":"Q","259":"A","260":"A","261":"Q","262":",","263":"C","264":"A","265":"A","266":"C","267":",","268":"M","269":"A","270":"A","271":"M","272":",","273":"C","274":"A","275":"A","276":"C","277":";","278":"I","279":"A","280":"C","281":"x","282":"B","283":",","284":"C","285":"A","286":"A","287":"C","288":"\"","289":",","290":"\"","291":"f","292":"i","293":"l","294":"e","295":"\"","296":":","297":"\"","298":"/","299":"U","300":"s","301":"e","302":"r","303":"s","304":"/","305":"w","306":"a","307":"n","308":"g","309":"y","310":"o","311":"n","312":"g","313":"j","314":"i","315":"e","316":"/","317":"D","318":"e","319":"s","320":"k","321":"t","322":"o","323":"p","324":"/","325":"g","326":"i","327":"t","328":"h","329":"u","330":"b","331":"/","332":"v","333":"u","334":"e","335":"3","336":"-","337":"j","338":"s","339":"o","340":"n","341":"-","342":"s","343":"c","344":"h","345":"e","346":"m","347":"a","348":"-","349":"f","350":"o","351":"r","352":"m","353":"/","354":"l","355":"i","356":"b","357":"/","358":"f","359":"i","360":"e","361":"l","362":"d","363":"s","364":"/","365":"N","366":"u","367":"m","368":"b","369":"e","370":"r","371":"F","372":"i","373":"l","374":"e","375":"d","376":".","377":"v","378":"u","379":"e","380":"\"","381":",","382":"\"","383":"s","384":"o","385":"u","386":"r","387":"c","388":"e","389":"s","390":"C","391":"o","392":"n","393":"t","394":"e","395":"n","396":"t","397":"\"","398":":","399":"[","400":"\"","401":"<","402":"s","403":"c","404":"r","405":"i","406":"p","407":"t","408":" ","409":"l","410":"a","411":"n","412":"g","413":"=","414":"\\","415":"\"","416":"t","417":"s","418":"\\","419":"\"","420":" ","421":"s","422":"e","423":"t","424":"u","425":"p","426":">","427":"\\","428":"n","429":"i","430":"m","431":"p","432":"o","433":"r","434":"t","435":" ","436":"{","437":" ","438":"d","439":"e","440":"f","441":"i","442":"n","443":"e","444":"P","445":"r","446":"o","447":"p","448":"s","449":" ","450":"}","451":" ","452":"f","453":"r","454":"o","455":"m","456":" ","457":"\\","458":"\"","459":"v","460":"u","461":"e","462":"\\","463":"\"","464":";","465":"\\","466":"n","467":"i","468":"m","469":"p","470":"o","471":"r","472":"t","473":" ","474":"{","475":" ","476":"F","477":"i","478":"l","479":"e","480":"d","481":"P","482":"r","483":"o","484":"p","485":"s","486":"D","487":"e","488":"f","489":"i","490":"n","491":"e","492":" ","493":"}","494":" ","495":"f","496":"r","497":"o","498":"m","499":" ","500":"\\","501":"\"","502":".","503":".","504":"/","505":"t","506":"y","507":"p","508":"e","509":"s","510":"\\","511":"\"","512":";","513":"\\","514":"n","515":"\\","516":"n","517":"c","518":"o","519":"n","520":"s","521":"t","522":" ","523":"p","524":"r","525":"o","526":"p","527":"s","528":" ","529":"=","530":" ","531":"d","532":"e","533":"f","534":"i","535":"n","536":"e","537":"P","538":"r","539":"o","540":"p","541":"s","542":"(","543":"F","544":"i","545":"l","546":"e","547":"d","548":"P","549":"r","550":"o","551":"p","552":"s","553":"D","554":"e","555":"f","556":"i","557":"n","558":"e","559":")","560":";","561":"\\","562":"n","563":"\\","564":"n","565":"c","566":"o","567":"n","568":"s","569":"t","570":" ","571":"h","572":"a","573":"n","574":"d","575":"l","576":"e","577":"C","578":"h","579":"a","580":"n","581":"g","582":"e","583":" ","584":"=","585":" ","586":"(","587":"e","588":":","589":" ","590":"a","591":"n","592":"y","593":")","594":" ","595":"=","596":">","597":" ","598":"{","599":"\\","600":"n","601":" ","602":" ","603":"c","604":"o","605":"n","606":"s","607":"t","608":" ","609":"n","610":"u","611":"m","612":"b","613":"e","614":"r","615":" ","616":"=","617":" ","618":"N","619":"u","620":"m","621":"b","622":"e","623":"r","624":"(","625":"e","626":".","627":"t","628":"a","629":"r","630":"g","631":"e","632":"t","633":".","634":"v","635":"a","636":"l","637":"u","638":"e","639":")","640":";","641":"\\","642":"n","643":" ","644":" ","645":"p","646":"r","647":"o","648":"p","649":"s","650":".","651":"o","652":"n","653":"C","654":"h","655":"a","656":"n","657":"g","658":"e","659":"(","660":"n","661":"u","662":"m","663":"b","664":"e","665":"r","666":")","667":";","668":"\\","669":"n","670":"}","671":";","672":"\\","673":"n","674":"<","675":"/","676":"s","677":"c","678":"r","679":"i","680":"p","681":"t","682":">","683":"\\","684":"n","685":"\\","686":"n","687":"<","688":"t","689":"e","690":"m","691":"p","692":"l","693":"a","694":"t","695":"e","696":">","697":"\\","698":"n","699":" ","700":" ","701":"<","702":"d","703":"i","704":"v","705":" ","706":"c","707":"l","708":"a","709":"s","710":"s","711":"=","712":"\\","713":"\"","714":"n","715":"u","716":"m","717":"b","718":"e","719":"r","720":"-","721":"f","722":"i","723":"e","724":"l","725":"d","726":"\\","727":"\"","728":">","729":"\\","730":"n","731":" ","732":" ","733":" ","734":" ","735":"<","736":"i","737":"n","738":"p","739":"u","740":"t","741":" ","742":":","743":"v","744":"a","745":"l","746":"u","747":"e","748":"=","749":"\\","750":"\"","751":"v","752":"a","753":"l","754":"u","755":"e","756":"\\","757":"\"","758":" ","759":"t","760":"y","761":"p","762":"e","763":"=","764":"\\","765":"\"","766":"n","767":"u","768":"m","769":"b","770":"e","771":"r","772":"\\","773":"\"","774":" ","775":"@","776":"i","777":"n","778":"p","779":"u","780":"t","781":"=","782":"\\","783":"\"","784":"h","785":"a","786":"n","787":"d","788":"l","789":"e","790":"C","791":"h","792":"a","793":"n","794":"g","795":"e","796":"\\","797":"\"","798":" ","799":"/","800":">","801":"\\","802":"n","803":" ","804":" ","805":"<","806":"/","807":"d","808":"i","809":"v","810":">","811":"\\","812":"n","813":"<","814":"/","815":"t","816":"e","817":"m","818":"p","819":"l","820":"a","821":"t","822":"e","823":">","824":"\\","825":"n","826":"\"","827":"]","828":"}"},"_coverageSchema":"1a1c01bbd47fc00a2c39e90264f33305004495a9","hash":"7c2cd1c23c8179a2b39933d3f564892e12eda354"}
,"/Users/wangyongjie/Desktop/github/vue3-json-schema-form/lib/fields/ObjectFiled.tsx": {"path":"/Users/wangyongjie/Desktop/github/vue3-json-schema-form/lib/fields/ObjectFiled.tsx","statementMap":{"0":{"start":{"line":1,"column":0},"end":{"line":1,"column":null}},"1":{"start":{"line":2,"column":0},"end":{"line":2,"column":null}},"2":{"start":{"line":3,"column":0},"end":{"line":3,"column":null}},"3":{"start":{"line":4,"column":0},"end":{"line":4,"column":null}},"4":{"start":{"line":6,"column":0},"end":{"line":42,"column":null}},"5":{"start":{"line":10,"column":20},"end":{"line":10,"column":36}},"6":{"start":{"line":12,"column":36},"end":{"line":22,"column":5}},"7":{"start":{"line":13,"column":25},"end":{"line":13,"column":65}},"8":{"start":{"line":16,"column":8},"end":{"line":16,"column":null}},"9":{"start":{"line":18,"column":8},"end":{"line":18,"column":null}},"10":{"start":{"line":21,"column":6},"end":{"line":21,"column":null}},"11":{"start":{"line":24,"column":4},"end":{"line":40,"column":null}},"12":{"start":{"line":25,"column":29},"end":{"line":25,"column":36}},"13":{"start":{"line":26,"column":44},"end":{"line":26,"column":49}},"14":{"start":{"line":28,"column":25},"end":{"line":28,"column":48}},"15":{"start":{"line":29,"column":32},"end":{"line":29,"column":60}},"16":{"start":{"line":31,"column":6},"end":{"line":39,"column":null}},"17":{"start":{"line":31,"column":66},"end":{"line":37,"column":null}},"18":{"start":{"line":37,"column":32},"end":{"line":37,"column":61}}},"fnMap":{"0":{"name":"(anonymous_0)","decl":{"start":{"line":9,"column":2},"end":{"line":9,"column":7}},"loc":{"start":{"line":9,"column":13},"end":{"line":41,"column":null}}},"1":{"name":"(anonymous_1)","decl":{"start":{"line":12,"column":36},"end":{"line":12,"column":37}},"loc":{"start":{"line":12,"column":60},"end":{"line":22,"column":5}}},"2":{"name":"(anonymous_2)","decl":{"start":{"line":24,"column":11},"end":{"line":24,"column":16}},"loc":{"start":{"line":24,"column":16},"end":{"line":40,"column":5}}},"3":{"name":"(anonymous_3)","decl":{"start":{"line":31,"column":41},"end":{"line":31,"column":42}},"loc":{"start":{"line":31,"column":66},"end":{"line":37,"column":null}}},"4":{"name":"(anonymous_4)","decl":{"start":{"line":37,"column":21},"end":{"line":37,"column":27}},"loc":{"start":{"line":37,"column":32},"end":{"line":37,"column":61}}}},"branchMap":{"0":{"loc":{"start":{"line":13,"column":25},"end":{"line":13,"column":65}},"type":"cond-expr","locations":[{"start":{"line":13,"column":49},"end":{"line":13,"column":60}},{"start":{"line":13,"column":63},"end":{"line":13,"column":65}}]},"1":{"loc":{"start":{"line":28,"column":25},"end":{"line":28,"column":48}},"type":"binary-expr","locations":[{"start":{"line":28,"column":25},"end":{"line":28,"column":42}},{"start":{"line":28,"column":46},"end":{"line":28,"column":48}}]},"2":{"loc":{"start":{"line":29,"column":32},"end":{"line":29,"column":60}},"type":"cond-expr","locations":[{"start":{"line":29,"column":50},"end":{"line":29,"column":55}},{"start":{"line":29,"column":58},"end":{"line":29,"column":60}}]}},"s":{"0":3,"1":3,"2":3,"3":3,"4":3,"5":4,"6":4,"7":3,"8":1,"9":2,"10":3,"11":4,"12":6,"13":6,"14":6,"15":6,"16":6,"17":12,"18":3},"f":{"0":4,"1":3,"2":6,"3":12,"4":3},"b":{"0":[2,1],"1":[6,0],"2":[5,1]}}
,"/Users/wangyongjie/Desktop/github/vue3-json-schema-form/lib/fields/StringFiled.vue": {"path":"/Users/wangyongjie/Desktop/github/vue3-json-schema-form/lib/fields/StringFiled.vue","statementMap":{"0":{"start":{"line":3,"column":0},"end":{"line":5,"column":3}},"1":{"start":{"line":6,"column":12},"end":{"line":6,"column":26}},"2":{"start":{"line":7,"column":14},"end":{"line":7,"column":33}},"3":{"start":{"line":8,"column":0},"end":{"line":28,"column":3}},"4":{"start":{"line":12,"column":17},"end":{"line":12,"column":26}},"5":{"start":{"line":13,"column":4},"end":{"line":13,"column":13}},"6":{"start":{"line":14,"column":16},"end":{"line":14,"column":23}},"7":{"start":{"line":15,"column":23},"end":{"line":17,"column":5}},"8":{"start":{"line":16,"column":6},"end":{"line":16,"column":37}},"9":{"start":{"line":18,"column":23},"end":{"line":21,"column":5}},"10":{"start":{"line":22,"column":4},"end":{"line":25,"column":7}},"11":{"start":{"line":26,"column":4},"end":{"line":26,"column":24}},"12":{"start":{"line":30,"column":0},"end":{"line":30,"column":62}},"13":{"start":{"line":31,"column":0},"end":{"line":31,"column":24}},"14":{"start":{"line":32,"column":12},"end":{"line":32,"column":26}},"15":{"start":{"line":33,"column":17},"end":{"line":33,"column":42}},"16":{"start":{"line":34,"column":17},"end":{"line":34,"column":26}},"17":{"start":{"line":36,"column":4},"end":{"line":42,"column":8}},"18":{"start":{"line":44,"column":0},"end":{"line":44,"column":24}},"19":{"start":{"line":45,"column":1},"end":{"line":45,"column":48}}},"fnMap":{"0":{"name":"(anonymous_0)","decl":{"start":{"line":11,"column":9},"end":{"line":11,"column":10}},"loc":{"start":{"line":11,"column":32},"end":{"line":27,"column":3}},"line":11},"1":{"name":"(anonymous_1)","decl":{"start":{"line":15,"column":23},"end":{"line":15,"column":24}},"loc":{"start":{"line":15,"column":36},"end":{"line":17,"column":5}},"line":15},"2":{"name":"render","decl":{"start":{"line":35,"column":9},"end":{"line":35,"column":15}},"loc":{"start":{"line":35,"column":63},"end":{"line":43,"column":1}},"line":35}},"branchMap":{},"s":{"0":3,"1":3,"2":3,"3":3,"4":8,"5":8,"6":8,"7":8,"8":0,"9":8,"10":8,"11":8,"12":3,"13":3,"14":3,"15":3,"16":3,"17":10,"18":3,"19":3},"f":{"0":8,"1":0,"2":10},"b":{},"inputSourceMap":{"0":"{","1":"\"","2":"v","3":"e","4":"r","5":"s","6":"i","7":"o","8":"n","9":"\"","10":":","11":"3","12":",","13":"\"","14":"s","15":"o","16":"u","17":"r","18":"c","19":"e","20":"s","21":"\"","22":":","23":"[","24":"\"","25":"/","26":"U","27":"s","28":"e","29":"r","30":"s","31":"/","32":"w","33":"a","34":"n","35":"g","36":"y","37":"o","38":"n","39":"g","40":"j","41":"i","42":"e","43":"/","44":"D","45":"e","46":"s","47":"k","48":"t","49":"o","50":"p","51":"/","52":"g","53":"i","54":"t","55":"h","56":"u","57":"b","58":"/","59":"v","60":"u","61":"e","62":"3","63":"-","64":"j","65":"s","66":"o","67":"n","68":"-","69":"s","70":"c","71":"h","72":"e","73":"m","74":"a","75":"-","76":"f","77":"o","78":"r","79":"m","80":"/","81":"l","82":"i","83":"b","84":"/","85":"f","86":"i","87":"e","88":"l","89":"d","90":"s","91":"/","92":"S","93":"t","94":"r","95":"i","96":"n","97":"g","98":"F","99":"i","100":"l","101":"e","102":"d","103":".","104":"v","105":"u","106":"e","107":"\"","108":"]","109":",","110":"\"","111":"n","112":"a","113":"m","114":"e","115":"s","116":"\"","117":":","118":"[","119":"]","120":",","121":"\"","122":"m","123":"a","124":"p","125":"p","126":"i","127":"n","128":"g","129":"s","130":"\"","131":":","132":"\"","133":";","134":";","135":";","136":";","137":";","138":";","139":"A","140":"A","141":"E","142":"A","143":";","144":";","145":";","146":";","147":";","148":";","149":";","150":";","151":"I","152":"A","153":"I","154":"A","155":",","156":"I","157":"A","158":"A","159":"M","160":",","161":"Y","162":"A","163":"A","164":"Y","165":",","166":"G","167":"A","168":"A","169":"G","170":",","171":"U","172":"A","173":"A","174":"C","175":",","176":"C","177":"A","178":"A","179":"M","180":";","181":"M","182":"A","183":"C","184":"1","185":"B","186":",","187":"K","188":"A","189":"A","190":"K","191":",","192":"C","193":"A","194":"A","195":"C","196":",","197":"Q","198":"A","199":"A","200":"Q","201":",","202":"C","203":"A","204":"A","205":"C","206":",","207":"C","208":"A","209":"A","210":"C","211":",","212":"C","213":"A","214":"A","215":"C","216":",","217":"M","218":"A","219":"A","220":"M","221":",","222":"C","223":"A","224":"A","225":"C","226":",","227":"K","228":"A","229":"A","230":"K","231":",","232":"C","233":"A","234":"A","235":"C","236":";","237":"I","238":"A","239":"C","240":"h","241":"C","242":",","243":"C","244":"A","245":"A","246":"C","247":"\"","248":",","249":"\"","250":"f","251":"i","252":"l","253":"e","254":"\"","255":":","256":"\"","257":"/","258":"U","259":"s","260":"e","261":"r","262":"s","263":"/","264":"w","265":"a","266":"n","267":"g","268":"y","269":"o","270":"n","271":"g","272":"j","273":"i","274":"e","275":"/","276":"D","277":"e","278":"s","279":"k","280":"t","281":"o","282":"p","283":"/","284":"g","285":"i","286":"t","287":"h","288":"u","289":"b","290":"/","291":"v","292":"u","293":"e","294":"3","295":"-","296":"j","297":"s","298":"o","299":"n","300":"-","301":"s","302":"c","303":"h","304":"e","305":"m","306":"a","307":"-","308":"f","309":"o","310":"r","311":"m","312":"/","313":"l","314":"i","315":"b","316":"/","317":"f","318":"i","319":"e","320":"l","321":"d","322":"s","323":"/","324":"S","325":"t","326":"r","327":"i","328":"n","329":"g","330":"F","331":"i","332":"l","333":"e","334":"d","335":".","336":"v","337":"u","338":"e","339":"\"","340":",","341":"\"","342":"s","343":"o","344":"u","345":"r","346":"c","347":"e","348":"s","349":"C","350":"o","351":"n","352":"t","353":"e","354":"n","355":"t","356":"\"","357":":","358":"[","359":"\"","360":"<","361":"s","362":"c","363":"r","364":"i","365":"p","366":"t","367":" ","368":"l","369":"a","370":"n","371":"g","372":"=","373":"\\","374":"\"","375":"t","376":"s","377":"\\","378":"\"","379":" ","380":"s","381":"e","382":"t","383":"u","384":"p","385":">","386":"\\","387":"n","388":"i","389":"m","390":"p","391":"o","392":"r","393":"t","394":" ","395":"{","396":" ","397":"d","398":"e","399":"f","400":"i","401":"n","402":"e","403":"P","404":"r","405":"o","406":"p","407":"s","408":" ","409":"}","410":" ","411":"f","412":"r","413":"o","414":"m","415":" ","416":"\\","417":"\"","418":"v","419":"u","420":"e","421":"\\","422":"\"","423":";","424":"\\","425":"n","426":"i","427":"m","428":"p","429":"o","430":"r","431":"t","432":" ","433":"{","434":" ","435":"F","436":"i","437":"l","438":"e","439":"d","440":"P","441":"r","442":"o","443":"p","444":"s","445":"D","446":"e","447":"f","448":"i","449":"n","450":"e","451":" ","452":"}","453":" ","454":"f","455":"r","456":"o","457":"m","458":" ","459":"\\","460":"\"","461":".","462":".","463":"/","464":"t","465":"y","466":"p","467":"e","468":"s","469":"\\","470":"\"","471":";","472":"\\","473":"n","474":"\\","475":"n","476":"c","477":"o","478":"n","479":"s","480":"t","481":" ","482":"p","483":"r","484":"o","485":"p","486":"s","487":" ","488":"=","489":" ","490":"d","491":"e","492":"f","493":"i","494":"n","495":"e","496":"P","497":"r","498":"o","499":"p","500":"s","501":"(","502":"F","503":"i","504":"l","505":"e","506":"d","507":"P","508":"r","509":"o","510":"p","511":"s","512":"D","513":"e","514":"f","515":"i","516":"n","517":"e","518":")","519":";","520":"\\","521":"n","522":"\\","523":"n","524":"c","525":"o","526":"n","527":"s","528":"t","529":" ","530":"h","531":"a","532":"n","533":"d","534":"l","535":"e","536":"C","537":"h","538":"a","539":"n","540":"g","541":"e","542":" ","543":"=","544":" ","545":"(","546":"e","547":":","548":" ","549":"a","550":"n","551":"y","552":")","553":" ","554":"=","555":">","556":" ","557":"{","558":"\\","559":"n","560":" ","561":" ","562":"p","563":"r","564":"o","565":"p","566":"s","567":".","568":"o","569":"n","570":"C","571":"h","572":"a","573":"n","574":"g","575":"e","576":"(","577":"e","578":".","579":"t","580":"a","581":"r","582":"g","583":"e","584":"t","585":".","586":"v","587":"a","588":"l","589":"u","590":"e","591":")","592":";","593":"\\","594":"n","595":"}","596":";","597":"\\","598":"n","599":"<","600":"/","601":"s","602":"c","603":"r","604":"i","605":"p","606":"t","607":">","608":"\\","609":"n","610":"\\","611":"n","612":"<","613":"t","614":"e","615":"m","616":"p","617":"l","618":"a","619":"t","620":"e","621":">","622":"\\","623":"n","624":" ","625":" ","626":"<","627":"d","628":"i","629":"v","630":" ","631":"c","632":"l","633":"a","634":"s","635":"s","636":"=","637":"\\","638":"\"","639":"s","640":"t","641":"r","642":"i","643":"n","644":"g","645":"-","646":"f","647":"i","648":"e","649":"l","650":"d","651":"\\","652":"\"","653":">","654":"\\","655":"n","656":" ","657":" ","658":" ","659":" ","660":"<","661":"i","662":"n","663":"p","664":"u","665":"t","666":" ","667":":","668":"v","669":"a","670":"l","671":"u","672":"e","673":"=","674":"\\","675":"\"","676":"v","677":"a","678":"l","679":"u","680":"e","681":"\\","682":"\"","683":" ","684":"t","685":"y","686":"p","687":"e","688":"=","689":"\\","690":"\"","691":"t","692":"e","693":"x","694":"t","695":"\\","696":"\"","697":" ","698":"@","699":"i","700":"n","701":"p","702":"u","703":"t","704":"=","705":"\\","706":"\"","707":"h","708":"a","709":"n","710":"d","711":"l","712":"e","713":"C","714":"h","715":"a","716":"n","717":"g","718":"e","719":"\\","720":"\"","721":" ","722":"/","723":">","724":"\\","725":"n","726":" ","727":" ","728":"<","729":"/","730":"d","731":"i","732":"v","733":">","734":"\\","735":"n","736":"<","737":"/","738":"t","739":"e","740":"m","741":"p","742":"l","743":"a","744":"t","745":"e","746":">","747":"\\","748":"n","749":"\"","750":"]","751":"}"},"_coverageSchema":"1a1c01bbd47fc00a2c39e90264f33305004495a9","hash":"a5be0fef3b1a21562ac0063c0df6c677bf52d43c"}
,"/Users/wangyongjie/Desktop/github/vue3-json-schema-form/lib/widgets/Selection.tsx": {"path":"/Users/wangyongjie/Desktop/github/vue3-json-schema-form/lib/widgets/Selection.tsx","statementMap":{"0":{"start":{"line":1,"column":0},"end":{"line":1,"column":null}},"1":{"start":{"line":3,"column":0},"end":{"line":49,"column":null}},"2":{"start":{"line":21,"column":28},"end":{"line":21,"column":44}},"3":{"start":{"line":23,"column":4},"end":{"line":27,"column":null}},"4":{"start":{"line":25,"column":8},"end":{"line":25,"column":null}},"5":{"start":{"line":29,"column":4},"end":{"line":36,"column":null}},"6":{"start":{"line":30,"column":12},"end":{"line":30,"column":23}},"7":{"start":{"line":33,"column":10},"end":{"line":33,"column":null}},"8":{"start":{"line":38,"column":4},"end":{"line":47,"column":null}},"9":{"start":{"line":39,"column":26},"end":{"line":39,"column":31}},"10":{"start":{"line":40,"column":6},"end":{"line":41,"column":null}},"11":{"start":{"line":41,"column":41},"end":{"line":41,"column":null}},"12":{"start":{"line":42,"column":27},"end":{"line":43,"column":null}}},"fnMap":{"0":{"name":"(anonymous_0)","decl":{"start":{"line":20,"column":2},"end":{"line":20,"column":7}},"loc":{"start":{"line":20,"column":13},"end":{"line":48,"column":null}}},"1":{"name":"(anonymous_1)","decl":{"start":{"line":23,"column":27},"end":{"line":23,"column":28}},"loc":{"start":{"line":23,"column":42},"end":{"line":27,"column":5}}},"2":{"name":"(anonymous_2)","decl":{"start":{"line":30,"column":6},"end":{"line":30,"column":12}},"loc":{"start":{"line":30,"column":12},"end":{"line":30,"column":23}}},"3":{"name":"(anonymous_3)","decl":{"start":{"line":31,"column":7},"end":{"line":31,"column":8}},"loc":{"start":{"line":31,"column":12},"end":{"line":35,"column":7}}},"4":{"name":"(anonymous_4)","decl":{"start":{"line":38,"column":11},"end":{"line":38,"column":16}},"loc":{"start":{"line":38,"column":16},"end":{"line":47,"column":5}}},"5":{"name":"(anonymous_5)","decl":{"start":{"line":41,"column":30},"end":{"line":41,"column":41}},"loc":{"start":{"line":41,"column":41},"end":{"line":41,"column":null}}},"6":{"name":"(anonymous_6)","decl":{"start":{"line":42,"column":25},"end":{"line":42,"column":27}},"loc":{"start":{"line":42,"column":27},"end":{"line":43,"column":null}}}},"branchMap":{},"s":{"0":3,"1":3,"2":1,"3":1,"4":0,"5":1,"6":1,"7":0,"8":1,"9":1,"10":1,"11":0,"12":2},"f":{"0":1,"1":0,"2":1,"3":0,"4":1,"5":0,"6":2},"b":{}}
}
