TN:
SF:lib/SchemaForm.tsx
FN:22,(anonymous_1)
FN:23,(anonymous_2)
FN:32,(anonymous_3)
FNF:3
FNH:3
FNDA:1,(anonymous_1)
FNDA:2,(anonymous_2)
FNDA:1,(anonymous_3)
DA:1,1
DA:3,1
DA:5,1
DA:7,1
DA:23,1
DA:24,2
DA:26,1
DA:30,1
DA:32,1
DA:33,1
DA:34,1
LF:11
LH:11
BRF:0
BRH:0
end_of_record
TN:
SF:lib/SchemaItem.tsx
FN:13,(anonymous_1)
FN:15,(anonymous_2)
FN:19,(anonymous_3)
FNF:3
FNH:3
FNDA:1,(anonymous_1)
FNDA:1,(anonymous_2)
FNDA:1,(anonymous_3)
DA:1,1
DA:2,1
DA:3,1
DA:5,1
DA:6,1
DA:7,1
DA:8,1
DA:10,1
DA:15,1
DA:16,1
DA:19,1
DA:20,1
DA:21,1
DA:23,1
DA:26,1
DA:28,0
DA:29,0
DA:32,1
DA:33,1
DA:36,0
DA:37,0
DA:40,0
DA:41,0
DA:44,0
DA:45,0
DA:49,1
LF:26
LH:18
BRF:0
BRH:0
end_of_record
TN:
SF:lib/context.ts
FN:5,useVJSFContext
FNF:1
FNH:0
FNDA:0,useVJSFContext
DA:1,1
DA:2,1
DA:5,1
DA:7,0
DA:10,0
DA:13,0
LF:6
LH:3
BRF:0
BRH:0
end_of_record
TN:
SF:lib/index.ts
FNF:0
FNH:0
DA:1,1
DA:2,1
DA:3,1
DA:4,1
DA:5,1
DA:7,1
DA:8,1
LF:7
LH:7
BRF:0
BRH:0
end_of_record
TN:
SF:lib/types.ts
FN:3,(anonymous_0)
FNF:1
FNH:1
FNDA:1,(anonymous_0)
DA:1,1
DA:3,1
DA:4,1
DA:5,1
DA:6,1
DA:7,1
DA:8,1
DA:9,1
DA:52,1
DA:70,1
LF:10
LH:10
BRDA:3,0,0,1
BRDA:3,0,1,1
BRF:2
BRH:2
end_of_record
TN:
SF:lib/utils.tsx
FN:9,isObject
FN:13,isEmptyObject
FN:17,hasOwnProperty
FN:30,validateData
FN:40,resolveSchema
FN:49,(anonymous_6)
FN:59,retrieveSchema
FN:99,stubExistingAdditionalProperties
FN:110,(anonymous_9)
FN:151,resolveReference
FN:164,findSchemaDefinition
FN:183,resolveDependencies
FN:208,processDependencies
FN:250,withDependentProperties
FN:260,withDependentSchema
FN:281,(anonymous_16)
FN:295,withExactlyOneSubschema
FN:302,(anonymous_18)
FN:342,mergeSchemas
FN:344,(anonymous_20)
FN:376,getSchemaType
FN:393,(anonymous_22)
FN:425,guessType
FN:443,isConstant
FN:450,isSelect
FN:456,(anonymous_26)
FN:461,isMultiSelect
FN:469,getMatchingOption
FN:488,(anonymous_29)
FN:528,mergeDefaultsWithFormData
FN:533,(anonymous_31)
FN:541,(anonymous_32)
FN:553,getDefaultFormState
FNF:33
FNH:4
FNDA:1,isObject
FNDA:0,isEmptyObject
FNDA:3,hasOwnProperty
FNDA:0,validateData
FNDA:1,resolveSchema
FNDA:0,(anonymous_6)
FNDA:1,retrieveSchema
FNDA:0,stubExistingAdditionalProperties
FNDA:0,(anonymous_9)
FNDA:0,resolveReference
FNDA:0,findSchemaDefinition
FNDA:0,resolveDependencies
FNDA:0,processDependencies
FNDA:0,withDependentProperties
FNDA:0,withDependentSchema
FNDA:0,(anonymous_16)
FNDA:0,withExactlyOneSubschema
FNDA:0,(anonymous_18)
FNDA:0,mergeSchemas
FNDA:0,(anonymous_20)
FNDA:0,getSchemaType
FNDA:0,(anonymous_22)
FNDA:0,guessType
FNDA:0,isConstant
FNDA:0,isSelect
FNDA:0,(anonymous_26)
FNDA:0,isMultiSelect
FNDA:0,getMatchingOption
FNDA:0,(anonymous_29)
FNDA:0,mergeDefaultsWithFormData
FNDA:0,(anonymous_31)
FNDA:0,(anonymous_32)
FNDA:0,getDefaultFormState
DA:1,1
DA:5,1
DA:6,1
DA:7,1
DA:9,1
DA:10,1
DA:13,1
DA:14,0
DA:17,1
DA:22,3
DA:29,1
DA:30,1
DA:31,0
DA:32,0
DA:40,1
DA:42,0
DA:44,0
DA:45,0
DA:47,0
DA:50,0
DA:55,1
DA:59,1
DA:65,0
DA:67,1
DA:72,0
DA:78,0
DA:79,0
DA:80,0
DA:84,1
DA:88,0
DA:94,1
DA:97,1
DA:99,1
DA:105,0
DA:110,0
DA:113,0
DA:118,0
DA:124,0
DA:126,0
DA:130,0
DA:132,0
DA:135,0
DA:153,0
DA:155,0
DA:157,0
DA:164,1
DA:165,0
DA:168,0
DA:170,0
DA:172,0
DA:174,0
DA:178,0
DA:180,0
DA:189,0
DA:191,0
DA:196,0
DA:201,0
DA:218,0
DA:225,0
DA:228,0
DA:230,0
DA:232,0
DA:240,0
DA:247,0
DA:252,0
DA:254,0
DA:257,0
DA:268,0
DA:273,0
DA:276,0
DA:278,0
DA:281,0
DA:282,0
DA:286,0
DA:302,0
DA:304,0
DA:306,0
DA:308,0
DA:315,0
DA:316,0
DA:320,0
DA:323,0
DA:326,0
DA:328,0
DA:329,0
DA:330,0
DA:342,1
DA:343,0
DA:344,0
DA:345,0
DA:346,0
DA:348,0
DA:359,0
DA:361,0
DA:363,0
DA:376,1
DA:377,0
DA:380,0
DA:384,0
DA:388,0
DA:391,0
DA:393,0
DA:396,0
DA:425,1
DA:427,0
DA:429,0
DA:431,0
DA:433,0
DA:435,0
DA:437,0
DA:440,0
DA:443,1
DA:444,0
DA:450,1
DA:451,0
DA:452,0
DA:454,0
DA:456,0
DA:458,0
DA:461,1
DA:463,0
DA:465,0
DA:469,1
DA:474,0
DA:475,0
DA:487,0
DA:488,0
DA:498,0
DA:501,0
DA:504,0
DA:507,0
DA:509,0
DA:511,0
DA:516,0
DA:519,0
DA:522,0
DA:525,0
DA:528,1
DA:531,0
DA:533,0
DA:535,0
DA:537,0
DA:540,0
DA:541,0
DA:542,0
DA:546,0
DA:549,0
DA:553,1
DA:560,0
DA:563,0
DA:574,0
DA:577,0
DA:580,0
DA:582,0
LF:154
LH:29
BRDA:10,0,0,1
BRDA:10,0,1,1
BRDA:10,0,2,1
BRDA:14,1,0,0
BRDA:14,1,1,0
BRDA:40,2,0,0
BRDA:40,3,0,0
BRDA:46,4,0,1
BRDA:46,4,1,0
BRDA:61,5,0,0
BRDA:62,6,0,0
BRDA:84,7,0,1
BRDA:84,7,1,0
BRDA:101,8,0,0
BRDA:102,9,0,0
BRDA:164,10,0,0
BRDA:189,11,0,0
BRDA:222,12,0,0
BRDA:222,12,1,0
BRDA:254,13,0,0
BRDA:254,13,1,0
BRDA:282,14,0,0
BRDA:282,14,1,0
BRDA:316,15,0,0
BRDA:316,15,1,0
BRDA:345,16,0,0
BRDA:345,16,1,0
BRDA:347,17,0,0
BRDA:347,17,1,0
BRDA:347,17,2,0
BRDA:350,18,0,0
BRDA:350,18,1,0
BRDA:350,18,2,0
BRDA:350,18,3,0
BRDA:350,18,4,0
BRDA:350,18,5,0
BRDA:350,18,6,0
BRDA:379,19,0,0
BRDA:379,19,1,0
BRDA:383,20,0,0
BRDA:383,20,1,0
BRDA:387,21,0,0
BRDA:387,21,1,0
BRDA:387,21,2,0
BRDA:392,22,0,0
BRDA:392,22,1,0
BRDA:392,22,2,0
BRDA:445,23,0,0
BRDA:445,23,1,0
BRDA:445,23,2,0
BRDA:450,24,0,0
BRDA:452,25,0,0
BRDA:452,25,1,0
BRDA:461,26,0,0
BRDA:462,27,0,0
BRDA:462,27,1,0
BRDA:543,28,0,0
BRDA:543,28,1,0
BRDA:576,29,0,0
BRDA:576,29,1,0
BRDA:579,30,0,0
BRDA:579,30,1,0
BRDA:579,30,2,0
BRDA:582,31,0,0
BRDA:582,31,1,0
BRF:65
BRH:5
end_of_record
TN:
SF:lib/fields/ArrayFiled.tsx
FN:53,(anonymous_1)
FN:56,(anonymous_2)
FN:57,(anonymous_3)
FN:58,(anonymous_4)
FN:59,(anonymous_5)
FN:61,(anonymous_6)
FN:105,(anonymous_7)
FN:108,(anonymous_8)
FN:117,(anonymous_9)
FN:126,(anonymous_10)
FN:135,(anonymous_11)
FN:146,(anonymous_12)
FN:158,(anonymous_13)
FN:169,(anonymous_14)
FN:175,(anonymous_15)
FN:181,(anonymous_16)
FN:188,(anonymous_17)
FN:195,(anonymous_18)
FN:202,(anonymous_19)
FNF:19
FNH:0
FNDA:0,(anonymous_1)
FNDA:0,(anonymous_2)
FNDA:0,(anonymous_3)
FNDA:0,(anonymous_4)
FNDA:0,(anonymous_5)
FNDA:0,(anonymous_6)
FNDA:0,(anonymous_7)
FNDA:0,(anonymous_8)
FNDA:0,(anonymous_9)
FNDA:0,(anonymous_10)
FNDA:0,(anonymous_11)
FNDA:0,(anonymous_12)
FNDA:0,(anonymous_13)
FNDA:0,(anonymous_14)
FNDA:0,(anonymous_15)
FNDA:0,(anonymous_16)
FNDA:0,(anonymous_17)
FNDA:0,(anonymous_18)
FNDA:0,(anonymous_19)
DA:1,1
DA:2,1
DA:4,1
DA:6,1
DA:8,1
DA:10,1
DA:29,1
DA:54,0
DA:56,0
DA:57,0
DA:58,0
DA:59,0
DA:61,0
DA:62,0
DA:63,0
DA:102,1
DA:106,0
DA:108,0
DA:109,0
DA:110,0
DA:112,0
DA:114,0
DA:117,0
DA:118,0
DA:119,0
DA:121,0
DA:123,0
DA:126,0
DA:127,0
DA:128,0
DA:130,0
DA:132,0
DA:135,0
DA:136,0
DA:137,0
DA:138,0
DA:140,0
DA:141,0
DA:143,0
DA:146,0
DA:147,0
DA:148,0
DA:150,0
DA:152,0
DA:153,0
DA:155,0
DA:158,0
DA:159,0
DA:161,0
DA:163,0
DA:164,0
DA:167,0
DA:168,0
DA:169,0
DA:175,0
DA:179,0
DA:181,0
DA:182,0
DA:188,0
DA:195,0
DA:201,0
DA:202,0
DA:206,0
LF:63
LH:8
BRDA:79,0,0,0
BRDA:79,0,1,0
BRDA:110,1,0,0
BRDA:110,1,1,0
BRDA:119,2,0,0
BRDA:119,2,1,0
BRDA:128,3,0,0
BRDA:128,3,1,0
BRDA:136,4,0,0
BRDA:138,5,0,0
BRDA:138,5,1,0
BRDA:148,6,0,0
BRDA:148,6,1,0
BRDA:150,7,0,0
BRDA:164,8,0,0
BRDA:164,8,1,0
BRDA:168,9,0,0
BRDA:168,9,1,0
BRDA:179,10,0,0
BRDA:179,10,1,0
BRF:20
BRH:0
end_of_record
TN:
SF:lib/fields/NumberFiled.vue
FN:11,(anonymous_0)
FN:15,(anonymous_1)
FN:36,render
FNF:3
FNH:3
FNDA:1,(anonymous_0)
FNDA:2,(anonymous_1)
FNDA:1,render
DA:3,1
DA:6,1
DA:7,1
DA:8,1
DA:12,1
DA:13,1
DA:14,1
DA:15,1
DA:16,2
DA:17,2
DA:19,1
DA:23,1
DA:27,1
DA:31,1
DA:32,1
DA:33,1
DA:34,1
DA:35,1
DA:37,1
DA:45,1
DA:46,1
LF:21
LH:21
BRF:0
BRH:0
end_of_record
TN:
SF:lib/fields/ObjectFiled.tsx
FN:9,(anonymous_0)
FN:12,(anonymous_1)
FN:24,(anonymous_2)
FN:31,(anonymous_3)
FN:37,(anonymous_4)
FNF:5
FNH:0
FNDA:0,(anonymous_0)
FNDA:0,(anonymous_1)
FNDA:0,(anonymous_2)
FNDA:0,(anonymous_3)
FNDA:0,(anonymous_4)
DA:1,1
DA:2,1
DA:3,1
DA:4,1
DA:6,1
DA:10,0
DA:12,0
DA:13,0
DA:16,0
DA:18,0
DA:21,0
DA:24,0
DA:25,0
DA:26,0
DA:28,0
DA:29,0
DA:31,0
DA:37,0
LF:18
LH:5
BRDA:13,0,0,0
BRDA:13,0,1,0
BRDA:28,1,0,0
BRDA:28,1,1,0
BRDA:29,2,0,0
BRDA:29,2,1,0
BRF:6
BRH:0
end_of_record
TN:
SF:lib/fields/StringFiled.vue
FN:11,(anonymous_0)
FN:15,(anonymous_1)
FN:35,render
FNF:3
FNH:0
FNDA:0,(anonymous_0)
FNDA:0,(anonymous_1)
FNDA:0,render
DA:3,1
DA:6,1
DA:7,1
DA:8,1
DA:12,0
DA:13,0
DA:14,0
DA:15,0
DA:16,0
DA:18,0
DA:22,0
DA:26,0
DA:30,1
DA:31,1
DA:32,1
DA:33,1
DA:34,1
DA:36,0
DA:44,1
DA:45,1
LF:20
LH:11
BRF:0
BRH:0
end_of_record
TN:
SF:lib/widgets/Selection.tsx
FN:20,(anonymous_0)
FN:23,(anonymous_1)
FN:30,(anonymous_2)
FN:31,(anonymous_3)
FN:38,(anonymous_4)
FN:41,(anonymous_5)
FN:42,(anonymous_6)
FNF:7
FNH:0
FNDA:0,(anonymous_0)
FNDA:0,(anonymous_1)
FNDA:0,(anonymous_2)
FNDA:0,(anonymous_3)
FNDA:0,(anonymous_4)
FNDA:0,(anonymous_5)
FNDA:0,(anonymous_6)
DA:1,1
DA:3,1
DA:21,0
DA:23,0
DA:25,0
DA:29,0
DA:30,0
DA:33,0
DA:38,0
DA:39,0
DA:40,0
DA:41,0
DA:42,0
LF:13
LH:2
BRF:0
BRH:0
end_of_record
